2022-04-28 09:45:48,078 [Worker-5: Loading available Gradle versions] INFO  o.e.b.c.i.u.g.PublishedGradleVersions - Gradle version information cache is up-to-date. Trying to read.
2022-04-28 10:50:16,491 [Worker-5: Loading available Gradle versions] INFO  o.e.b.c.i.u.g.PublishedGradleVersions - Gradle version information cache is up-to-date. Trying to read.
2022-04-28 11:46:51,700 [Worker-3: Loading available Gradle versions] INFO  o.e.b.c.i.u.g.PublishedGradleVersions - Gradle version information cache is up-to-date. Trying to read.
2022-04-29 09:13:15,116 [Worker-4: Loading available Gradle versions] INFO  o.e.b.c.i.u.g.PublishedGradleVersions - Gradle version information cache is out-of-date. Trying to update.
2022-04-30 16:51:24,540 [Worker-1: Loading available Gradle versions] INFO  o.e.b.c.i.u.g.PublishedGradleVersions - Gradle version information cache is out-of-date. Trying to update.
2022-05-01 11:03:55,929 [Worker-6: Loading available Gradle versions] INFO  o.e.b.c.i.u.g.PublishedGradleVersions - Gradle version information cache is up-to-date. Trying to read.
2022-05-01 16:49:56,401 [Worker-0: Loading available Gradle versions] INFO  o.e.b.c.i.u.g.PublishedGradleVersions - Gradle version information cache is up-to-date. Trying to read.
2022-05-01 18:00:47,140 [Worker-5: Loading available Gradle versions] INFO  o.e.b.c.i.u.g.PublishedGradleVersions - Gradle version information cache is out-of-date. Trying to update.
2022-05-02 09:22:28,956 [Worker-6: Loading available Gradle versions] INFO  o.e.b.c.i.u.g.PublishedGradleVersions - Gradle version information cache is up-to-date. Trying to read.
2022-05-02 10:03:36,906 [Worker-33: Enabling Maven Dependency Management] INFO  o.e.m.c.i.l.LifecycleMappingFactory - Using org.maven.ide.eclipse.wtp.WarLifecycleMapping lifecycle mapping for MavenProject: ProblemStatement4:ProblemStatement4-ShoppingCart:0.0.1-SNAPSHOT @ C:\Users\SVHER5744\Desktop\Atla-Siddishwari-Advance Training Assignments\Problem Statement 4-Shopping Cart\pom.xml.
2022-05-02 10:03:43,316 [Worker-39: Building] WARN  o.e.m.c.i.embedder.EclipseLogger - Using platform encoding (Cp1252 actually) to copy filtered resources, i.e. build is platform dependent!
2022-05-02 10:03:43,318 [Worker-39: Building] INFO  o.e.m.c.i.embedder.EclipseLogger - skip non existing resourceDirectory C:\Users\SVHER5744\Desktop\Atla-Siddishwari-Advance Training Assignments\Problem Statement 4-Shopping Cart\src\main\resources
2022-05-02 10:03:43,321 [Worker-39: Building] WARN  o.e.m.c.i.embedder.EclipseLogger - Using platform encoding (Cp1252 actually) to copy filtered resources, i.e. build is platform dependent!
2022-05-02 10:03:43,323 [Worker-39: Building] INFO  o.e.m.c.i.embedder.EclipseLogger - skip non existing resourceDirectory C:\Users\SVHER5744\Desktop\Atla-Siddishwari-Advance Training Assignments\Problem Statement 4-Shopping Cart\src\test\resources
2022-05-02 10:03:43,363 [Worker-42: Updating Maven Project] INFO  o.e.m.c.i.p.ProjectConfigurationManager - Update started
2022-05-02 10:03:43,798 [Worker-42: Updating Maven Project] INFO  o.e.m.c.i.l.LifecycleMappingFactory - Using org.maven.ide.eclipse.wtp.WarLifecycleMapping lifecycle mapping for MavenProject: ProblemStatement4:ProblemStatement4-ShoppingCart:0.0.1-SNAPSHOT @ C:\Users\SVHER5744\Desktop\Atla-Siddishwari-Advance Training Assignments\Problem Statement 4-Shopping Cart\pom.xml.
2022-05-02 10:03:44,832 [Worker-42: Updating Maven Project] INFO  o.e.m.j.i.AbstractJavaProjectConfigurator - Adding source folder /Problem Statement 4-Shopping Cart/src/main/java
2022-05-02 10:03:44,833 [Worker-42: Updating Maven Project] INFO  o.e.m.j.i.AbstractJavaProjectConfigurator - Adding source folder /Problem Statement 4-Shopping Cart/src/test/java
2022-05-02 10:03:45,789 [Worker-42: Updating Maven Project] INFO  o.e.m.w.i.f.ResourceFilteringBuildParticipant - Cleaning filtered folder for Problem Statement 4-Shopping Cart
2022-05-02 10:03:45,799 [Worker-42: Updating Maven Project] INFO  o.e.m.c.i.p.ProjectConfigurationManager - Update completed: 2 sec
2022-05-02 10:03:45,849 [Worker-33: Enabling Maven Dependency Management] INFO  o.e.m.j.i.AbstractJavaProjectConfigurator - Adding source folder /Problem Statement 4-Shopping Cart/src/main/java
2022-05-02 10:03:45,853 [Worker-33: Enabling Maven Dependency Management] INFO  o.e.m.j.i.AbstractJavaProjectConfigurator - Adding source folder /Problem Statement 4-Shopping Cart/src/test/java
2022-05-02 10:03:46,163 [Worker-33: Enabling Maven Dependency Management] INFO  o.e.m.c.i.p.ProjectConfigurationManager - Update started
2022-05-02 10:03:46,617 [Worker-33: Enabling Maven Dependency Management] INFO  o.e.m.c.i.l.LifecycleMappingFactory - Using org.maven.ide.eclipse.wtp.WarLifecycleMapping lifecycle mapping for MavenProject: ProblemStatement4:ProblemStatement4-ShoppingCart:0.0.1-SNAPSHOT @ C:\Users\SVHER5744\Desktop\Atla-Siddishwari-Advance Training Assignments\Problem Statement 4-Shopping Cart\pom.xml.
2022-05-02 10:03:47,930 [Worker-33: Enabling Maven Dependency Management] INFO  o.e.m.j.i.AbstractJavaProjectConfigurator - Adding source folder /Problem Statement 4-Shopping Cart/src/main/java
2022-05-02 10:03:47,932 [Worker-33: Enabling Maven Dependency Management] INFO  o.e.m.j.i.AbstractJavaProjectConfigurator - Adding source folder /Problem Statement 4-Shopping Cart/src/test/java
2022-05-02 10:03:48,248 [Worker-33: Enabling Maven Dependency Management] INFO  o.e.m.w.i.f.ResourceFilteringBuildParticipant - Cleaning filtered folder for Problem Statement 4-Shopping Cart
2022-05-02 10:03:48,261 [Worker-33: Enabling Maven Dependency Management] INFO  o.e.m.c.i.p.ProjectConfigurationManager - Update completed: 2 sec
2022-05-02 10:03:48,497 [Worker-44: Building] WARN  o.e.m.c.i.embedder.EclipseLogger - Using platform encoding (Cp1252 actually) to copy filtered resources, i.e. build is platform dependent!
2022-05-02 10:03:48,500 [Worker-44: Building] INFO  o.e.m.c.i.embedder.EclipseLogger - skip non existing resourceDirectory C:\Users\SVHER5744\Desktop\Atla-Siddishwari-Advance Training Assignments\Problem Statement 4-Shopping Cart\src\main\resources
2022-05-02 10:03:48,503 [Worker-44: Building] WARN  o.e.m.c.i.embedder.EclipseLogger - Using platform encoding (Cp1252 actually) to copy filtered resources, i.e. build is platform dependent!
2022-05-02 10:03:48,505 [Worker-44: Building] INFO  o.e.m.c.i.embedder.EclipseLogger - skip non existing resourceDirectory C:\Users\SVHER5744\Desktop\Atla-Siddishwari-Advance Training Assignments\Problem Statement 4-Shopping Cart\src\test\resources
2022-05-02 10:03:48,506 [Worker-44: Building] INFO  o.e.m.w.i.f.ResourceFilteringBuildParticipant - Changed resources require a complete clean of filtered resources of Problem Statement 4-Shopping Cart
2022-05-02 10:03:48,510 [Worker-44: Building] INFO  o.e.m.w.i.f.ResourceFilteringBuildParticipant - Executing resource filtering for Problem Statement 4-Shopping Cart
2022-05-02 10:03:48,618 [Worker-44: Building] WARN  o.e.m.c.i.embedder.EclipseLogger - Using platform encoding (Cp1252 actually) to copy filtered resources, i.e. build is platform dependent!
2022-05-02 12:04:32,476 [Worker-77: Enabling Maven Dependency Management] INFO  o.e.m.c.i.l.LifecycleMappingFactory - Using org.maven.ide.eclipse.wtp.WarLifecycleMapping lifecycle mapping for MavenProject: ProblemStatement4-ShoppinCart:ProblemStatement4-ShoppingCart:0.0.1-SNAPSHOT @ C:\Users\SVHER5744\Desktop\Atla-Siddishwari-Advance Training Assignments\Problem Statement 4-Shopping Cart\pom.xml.
2022-05-02 12:04:37,327 [Worker-62: Building] WARN  o.e.m.c.i.embedder.EclipseLogger - Using platform encoding (Cp1252 actually) to copy filtered resources, i.e. build is platform dependent!
2022-05-02 12:04:37,329 [Worker-62: Building] INFO  o.e.m.c.i.embedder.EclipseLogger - skip non existing resourceDirectory C:\Users\SVHER5744\Desktop\Atla-Siddishwari-Advance Training Assignments\Problem Statement 4-Shopping Cart\src\main\resources
2022-05-02 12:04:37,331 [Worker-62: Building] WARN  o.e.m.c.i.embedder.EclipseLogger - Using platform encoding (Cp1252 actually) to copy filtered resources, i.e. build is platform dependent!
2022-05-02 12:04:37,333 [Worker-62: Building] INFO  o.e.m.c.i.embedder.EclipseLogger - skip non existing resourceDirectory C:\Users\SVHER5744\Desktop\Atla-Siddishwari-Advance Training Assignments\Problem Statement 4-Shopping Cart\src\test\resources
2022-05-02 12:04:37,350 [Worker-77: Enabling Maven Dependency Management] INFO  o.e.m.j.i.AbstractJavaProjectConfigurator - Adding source folder /Problem Statement 4-Shopping Cart/src/main/java
2022-05-02 12:04:37,350 [Worker-77: Enabling Maven Dependency Management] INFO  o.e.m.j.i.AbstractJavaProjectConfigurator - Adding source folder /Problem Statement 4-Shopping Cart/src/test/java
2022-05-02 12:04:37,667 [Worker-77: Enabling Maven Dependency Management] INFO  o.e.m.c.i.p.ProjectConfigurationManager - Update started
2022-05-02 12:04:38,001 [Worker-77: Enabling Maven Dependency Management] INFO  o.e.m.c.i.l.LifecycleMappingFactory - Using org.maven.ide.eclipse.wtp.WarLifecycleMapping lifecycle mapping for MavenProject: ProblemStatement4-ShoppinCart:ProblemStatement4-ShoppingCart:0.0.1-SNAPSHOT @ C:\Users\SVHER5744\Desktop\Atla-Siddishwari-Advance Training Assignments\Problem Statement 4-Shopping Cart\pom.xml.
2022-05-02 12:04:38,640 [Worker-77: Enabling Maven Dependency Management] INFO  o.e.m.j.i.AbstractJavaProjectConfigurator - Adding source folder /Problem Statement 4-Shopping Cart/src/main/java
2022-05-02 12:04:38,641 [Worker-77: Enabling Maven Dependency Management] INFO  o.e.m.j.i.AbstractJavaProjectConfigurator - Adding source folder /Problem Statement 4-Shopping Cart/src/test/java
2022-05-02 12:04:38,932 [Worker-77: Enabling Maven Dependency Management] INFO  o.e.m.w.i.f.ResourceFilteringBuildParticipant - Cleaning filtered folder for Problem Statement 4-Shopping Cart
2022-05-02 12:04:38,947 [Worker-77: Enabling Maven Dependency Management] INFO  o.e.m.c.i.p.ProjectConfigurationManager - Update completed: 1 sec
2022-05-02 12:04:38,949 [Worker-75: Updating Maven Project] INFO  o.e.m.c.i.p.ProjectConfigurationManager - Update started
2022-05-02 12:04:39,652 [Worker-75: Updating Maven Project] INFO  o.e.m.c.i.l.LifecycleMappingFactory - Using org.maven.ide.eclipse.wtp.WarLifecycleMapping lifecycle mapping for MavenProject: ProblemStatement4-ShoppinCart:ProblemStatement4-ShoppingCart:0.0.1-SNAPSHOT @ C:\Users\SVHER5744\Desktop\Atla-Siddishwari-Advance Training Assignments\Problem Statement 4-Shopping Cart\pom.xml.
2022-05-02 12:04:40,219 [Worker-75: Updating Maven Project] INFO  o.e.m.j.i.AbstractJavaProjectConfigurator - Adding source folder /Problem Statement 4-Shopping Cart/src/main/java
2022-05-02 12:04:40,219 [Worker-75: Updating Maven Project] INFO  o.e.m.j.i.AbstractJavaProjectConfigurator - Adding source folder /Problem Statement 4-Shopping Cart/src/test/java
2022-05-02 12:04:40,315 [Worker-75: Updating Maven Project] INFO  o.e.m.w.i.f.ResourceFilteringBuildParticipant - Cleaning filtered folder for Problem Statement 4-Shopping Cart
2022-05-02 12:04:40,319 [Worker-75: Updating Maven Project] INFO  o.e.m.c.i.p.ProjectConfigurationManager - Update completed: 1 sec
2022-05-02 12:04:40,667 [Worker-74: Building] WARN  o.e.m.c.i.embedder.EclipseLogger - Using platform encoding (Cp1252 actually) to copy filtered resources, i.e. build is platform dependent!
2022-05-02 12:04:40,669 [Worker-74: Building] INFO  o.e.m.c.i.embedder.EclipseLogger - skip non existing resourceDirectory C:\Users\SVHER5744\Desktop\Atla-Siddishwari-Advance Training Assignments\Problem Statement 4-Shopping Cart\src\main\resources
2022-05-02 12:04:40,671 [Worker-74: Building] WARN  o.e.m.c.i.embedder.EclipseLogger - Using platform encoding (Cp1252 actually) to copy filtered resources, i.e. build is platform dependent!
2022-05-02 12:04:40,673 [Worker-74: Building] INFO  o.e.m.c.i.embedder.EclipseLogger - skip non existing resourceDirectory C:\Users\SVHER5744\Desktop\Atla-Siddishwari-Advance Training Assignments\Problem Statement 4-Shopping Cart\src\test\resources
2022-05-02 12:04:40,674 [Worker-74: Building] INFO  o.e.m.w.i.f.ResourceFilteringBuildParticipant - Changed resources require a complete clean of filtered resources of Problem Statement 4-Shopping Cart
2022-05-02 12:04:40,674 [Worker-74: Building] INFO  o.e.m.w.i.f.ResourceFilteringBuildParticipant - Executing resource filtering for Problem Statement 4-Shopping Cart
2022-05-02 12:04:40,679 [Worker-74: Building] WARN  o.e.m.c.i.embedder.EclipseLogger - Using platform encoding (Cp1252 actually) to copy filtered resources, i.e. build is platform dependent!
2022-05-02 12:12:20,260 [Worker-81: Building] INFO  o.e.m.c.i.l.LifecycleMappingFactory - Using org.maven.ide.eclipse.wtp.WarLifecycleMapping lifecycle mapping for MavenProject: ProblemStatement4-ShoppinCart:ProblemStatement4-ShoppingCart:0.0.1-SNAPSHOT @ C:\Users\SVHER5744\Desktop\Atla-Siddishwari-Advance Training Assignments\Problem Statement 4-Shopping Cart\pom.xml.
2022-05-02 12:12:21,101 [Worker-81: Building] WARN  o.e.m.c.i.embedder.EclipseLogger - Using platform encoding (Cp1252 actually) to copy filtered resources, i.e. build is platform dependent!
2022-05-02 12:12:21,104 [Worker-81: Building] INFO  o.e.m.c.i.embedder.EclipseLogger - skip non existing resourceDirectory C:\Users\SVHER5744\Desktop\Atla-Siddishwari-Advance Training Assignments\Problem Statement 4-Shopping Cart\src\main\resources
2022-05-02 12:12:21,107 [Worker-81: Building] WARN  o.e.m.c.i.embedder.EclipseLogger - Using platform encoding (Cp1252 actually) to copy filtered resources, i.e. build is platform dependent!
2022-05-02 12:12:21,108 [Worker-81: Building] INFO  o.e.m.c.i.embedder.EclipseLogger - skip non existing resourceDirectory C:\Users\SVHER5744\Desktop\Atla-Siddishwari-Advance Training Assignments\Problem Statement 4-Shopping Cart\src\test\resources
2022-05-02 12:12:21,109 [Worker-81: Building] INFO  o.e.m.w.i.f.ResourceFilteringBuildParticipant - Changed resources require a complete clean of filtered resources of Problem Statement 4-Shopping Cart
2022-05-02 12:12:21,109 [Worker-81: Building] INFO  o.e.m.w.i.f.ResourceFilteringBuildParticipant - Executing resource filtering for Problem Statement 4-Shopping Cart
2022-05-02 12:12:21,118 [Worker-81: Building] WARN  o.e.m.c.i.embedder.EclipseLogger - Using platform encoding (Cp1252 actually) to copy filtered resources, i.e. build is platform dependent!
2022-05-02 12:12:23,188 [Worker-78: Download sources and javadoc] INFO  o.e.m.c.i.e.AbstractTransferListenerAdapter - Downloading https://repo.maven.apache.org/maven2/javax/servlet/javax.servlet-api/4.0.1/javax.servlet-api-4.0.1-sources.jar
2022-05-02 12:12:23,963 [Worker-78: Download sources and javadoc] INFO  o.e.m.c.i.e.AbstractTransferListenerAdapter - Downloaded https://repo.maven.apache.org/maven2/javax/servlet/javax.servlet-api/4.0.1/javax.servlet-api-4.0.1-sources.jar
2022-05-02 12:12:23,971 [Worker-78: Download sources and javadoc] INFO  o.e.m.j.internal.DownloadSourcesJob - Downloaded sources for javax.servlet:javax.servlet-api:4.0.1
2022-05-02 12:12:24,243 [Worker-78: Building] WARN  o.e.m.c.i.embedder.EclipseLogger - Using platform encoding (Cp1252 actually) to copy filtered resources, i.e. build is platform dependent!
2022-05-02 12:12:24,246 [Worker-78: Building] INFO  o.e.m.c.i.embedder.EclipseLogger - skip non existing resourceDirectory C:\Users\SVHER5744\Desktop\Atla-Siddishwari-Advance Training Assignments\Problem Statement 4-Shopping Cart\src\main\resources
2022-05-02 12:12:24,249 [Worker-78: Building] WARN  o.e.m.c.i.embedder.EclipseLogger - Using platform encoding (Cp1252 actually) to copy filtered resources, i.e. build is platform dependent!
2022-05-02 12:12:24,252 [Worker-78: Building] INFO  o.e.m.c.i.embedder.EclipseLogger - skip non existing resourceDirectory C:\Users\SVHER5744\Desktop\Atla-Siddishwari-Advance Training Assignments\Problem Statement 4-Shopping Cart\src\test\resources
2022-05-02 12:12:29,404 [Worker-85: Updating Maven Project] INFO  o.e.m.c.i.p.ProjectConfigurationManager - Update started
2022-05-02 12:12:29,676 [Worker-85: Updating Maven Project] INFO  o.e.m.c.i.l.LifecycleMappingFactory - Using org.maven.ide.eclipse.wtp.WarLifecycleMapping lifecycle mapping for MavenProject: ProblemStatement4-ShoppinCart:ProblemStatement4-ShoppingCart:0.0.1-SNAPSHOT @ C:\Users\SVHER5744\Desktop\Atla-Siddishwari-Advance Training Assignments\Problem Statement 4-Shopping Cart\pom.xml.
2022-05-02 12:12:30,256 [Worker-85: Updating Maven Project] INFO  o.e.m.j.i.AbstractJavaProjectConfigurator - Adding source folder /Problem Statement 4-Shopping Cart/src/main/java
2022-05-02 12:12:30,257 [Worker-85: Updating Maven Project] INFO  o.e.m.j.i.AbstractJavaProjectConfigurator - Adding source folder /Problem Statement 4-Shopping Cart/src/test/java
2022-05-02 12:12:30,528 [Worker-85: Updating Maven Project] INFO  o.e.m.w.i.f.ResourceFilteringBuildParticipant - Cleaning filtered folder for Problem Statement 4-Shopping Cart
2022-05-02 12:12:30,541 [Worker-85: Updating Maven Project] INFO  o.e.m.c.i.p.ProjectConfigurationManager - Update completed: 1 sec
2022-05-02 12:12:30,921 [Worker-75: Building] WARN  o.e.m.c.i.embedder.EclipseLogger - Using platform encoding (Cp1252 actually) to copy filtered resources, i.e. build is platform dependent!
2022-05-02 12:12:30,923 [Worker-75: Building] INFO  o.e.m.c.i.embedder.EclipseLogger - skip non existing resourceDirectory C:\Users\SVHER5744\Desktop\Atla-Siddishwari-Advance Training Assignments\Problem Statement 4-Shopping Cart\src\main\resources
2022-05-02 12:12:30,927 [Worker-75: Building] WARN  o.e.m.c.i.embedder.EclipseLogger - Using platform encoding (Cp1252 actually) to copy filtered resources, i.e. build is platform dependent!
2022-05-02 12:12:30,929 [Worker-75: Building] INFO  o.e.m.c.i.embedder.EclipseLogger - skip non existing resourceDirectory C:\Users\SVHER5744\Desktop\Atla-Siddishwari-Advance Training Assignments\Problem Statement 4-Shopping Cart\src\test\resources
2022-05-02 12:12:30,930 [Worker-75: Building] INFO  o.e.m.w.i.f.ResourceFilteringBuildParticipant - Changed resources require a complete clean of filtered resources of Problem Statement 4-Shopping Cart
2022-05-02 12:12:30,931 [Worker-75: Building] INFO  o.e.m.w.i.f.ResourceFilteringBuildParticipant - Executing resource filtering for Problem Statement 4-Shopping Cart
2022-05-02 12:12:30,938 [Worker-75: Building] WARN  o.e.m.c.i.embedder.EclipseLogger - Using platform encoding (Cp1252 actually) to copy filtered resources, i.e. build is platform dependent!
2022-05-02 12:12:49,829 [Worker-82: Building] WARN  o.e.m.c.i.embedder.EclipseLogger - Using platform encoding (Cp1252 actually) to copy filtered resources, i.e. build is platform dependent!
2022-05-02 12:12:49,831 [Worker-82: Building] INFO  o.e.m.c.i.embedder.EclipseLogger - skip non existing resourceDirectory C:\Users\SVHER5744\Desktop\Atla-Siddishwari-Advance Training Assignments\Problem Statement 4-Shopping Cart\src\main\resources
2022-05-02 12:12:49,833 [Worker-82: Building] WARN  o.e.m.c.i.embedder.EclipseLogger - Using platform encoding (Cp1252 actually) to copy filtered resources, i.e. build is platform dependent!
2022-05-02 12:12:49,835 [Worker-82: Building] INFO  o.e.m.c.i.embedder.EclipseLogger - skip non existing resourceDirectory C:\Users\SVHER5744\Desktop\Atla-Siddishwari-Advance Training Assignments\Problem Statement 4-Shopping Cart\src\test\resources
2022-05-02 12:14:32,687 [Worker-74: Updating Maven Project] INFO  o.e.m.c.i.p.ProjectConfigurationManager - Update started
2022-05-02 12:14:33,008 [Worker-74: Updating Maven Project] INFO  o.e.m.c.i.l.LifecycleMappingFactory - Using org.maven.ide.eclipse.wtp.WarLifecycleMapping lifecycle mapping for MavenProject: ProblemStatement4-ShoppinCart:ProblemStatement4-ShoppingCart:0.0.1-SNAPSHOT @ C:\Users\SVHER5744\Desktop\Atla-Siddishwari-Advance Training Assignments\Problem Statement 4-Shopping Cart\pom.xml.
2022-05-02 12:14:34,942 [Worker-74: Updating Maven Project] INFO  o.e.m.j.i.AbstractJavaProjectConfigurator - Adding source folder /Problem Statement 4-Shopping Cart/src/main/java
2022-05-02 12:14:34,943 [Worker-74: Updating Maven Project] INFO  o.e.m.j.i.AbstractJavaProjectConfigurator - Adding source folder /Problem Statement 4-Shopping Cart/src/test/java
2022-05-02 12:14:35,126 [Worker-74: Updating Maven Project] INFO  o.e.m.w.i.f.ResourceFilteringBuildParticipant - Cleaning filtered folder for Problem Statement 4-Shopping Cart
2022-05-02 12:14:35,140 [Worker-74: Updating Maven Project] INFO  o.e.m.c.i.p.ProjectConfigurationManager - Update completed: 2 sec
2022-05-02 12:14:35,570 [Worker-81: Building] WARN  o.e.m.c.i.embedder.EclipseLogger - Using platform encoding (Cp1252 actually) to copy filtered resources, i.e. build is platform dependent!
2022-05-02 12:14:35,573 [Worker-81: Building] INFO  o.e.m.c.i.embedder.EclipseLogger - skip non existing resourceDirectory C:\Users\SVHER5744\Desktop\Atla-Siddishwari-Advance Training Assignments\Problem Statement 4-Shopping Cart\src\main\resources
2022-05-02 12:14:35,577 [Worker-81: Building] WARN  o.e.m.c.i.embedder.EclipseLogger - Using platform encoding (Cp1252 actually) to copy filtered resources, i.e. build is platform dependent!
2022-05-02 12:14:35,581 [Worker-81: Building] INFO  o.e.m.c.i.embedder.EclipseLogger - skip non existing resourceDirectory C:\Users\SVHER5744\Desktop\Atla-Siddishwari-Advance Training Assignments\Problem Statement 4-Shopping Cart\src\test\resources
2022-05-02 12:14:35,582 [Worker-81: Building] INFO  o.e.m.w.i.f.ResourceFilteringBuildParticipant - Changed resources require a complete clean of filtered resources of Problem Statement 4-Shopping Cart
2022-05-02 12:14:35,600 [Worker-81: Building] INFO  o.e.m.w.i.f.ResourceFilteringBuildParticipant - Executing resource filtering for Problem Statement 4-Shopping Cart
2022-05-02 12:14:35,619 [Worker-81: Building] WARN  o.e.m.c.i.embedder.EclipseLogger - Using platform encoding (Cp1252 actually) to copy filtered resources, i.e. build is platform dependent!
2022-05-02 12:19:02,333 [Worker-75: Building] INFO  o.e.m.c.i.l.LifecycleMappingFactory - Using org.maven.ide.eclipse.wtp.WarLifecycleMapping lifecycle mapping for MavenProject: ProblemStatement4-ShoppinCart:ProblemStatement4-ShoppingCart:0.0.1-SNAPSHOT @ C:\Users\SVHER5744\Desktop\Atla-Siddishwari-Advance Training Assignments\Problem Statement 4-Shopping Cart\pom.xml.
2022-05-02 12:19:05,999 [Worker-75: Building] WARN  o.e.m.c.i.embedder.EclipseLogger - Using platform encoding (Cp1252 actually) to copy filtered resources, i.e. build is platform dependent!
2022-05-02 12:19:06,001 [Worker-75: Building] INFO  o.e.m.c.i.embedder.EclipseLogger - skip non existing resourceDirectory C:\Users\SVHER5744\Desktop\Atla-Siddishwari-Advance Training Assignments\Problem Statement 4-Shopping Cart\src\main\resources
2022-05-02 12:19:06,003 [Worker-75: Building] WARN  o.e.m.c.i.embedder.EclipseLogger - Using platform encoding (Cp1252 actually) to copy filtered resources, i.e. build is platform dependent!
2022-05-02 12:19:06,006 [Worker-75: Building] INFO  o.e.m.c.i.embedder.EclipseLogger - skip non existing resourceDirectory C:\Users\SVHER5744\Desktop\Atla-Siddishwari-Advance Training Assignments\Problem Statement 4-Shopping Cart\src\test\resources
2022-05-02 12:19:06,008 [Worker-75: Building] INFO  o.e.m.w.i.f.ResourceFilteringBuildParticipant - Changed resources require a complete clean of filtered resources of Problem Statement 4-Shopping Cart
2022-05-02 12:19:06,009 [Worker-75: Building] INFO  o.e.m.w.i.f.ResourceFilteringBuildParticipant - Executing resource filtering for Problem Statement 4-Shopping Cart
2022-05-02 12:19:06,013 [Worker-75: Building] WARN  o.e.m.c.i.embedder.EclipseLogger - Using platform encoding (Cp1252 actually) to copy filtered resources, i.e. build is platform dependent!
2022-05-02 12:19:06,171 [Worker-78: Download sources and javadoc] INFO  o.e.m.c.i.e.AbstractTransferListenerAdapter - Downloading https://repo.maven.apache.org/maven2/javax/servlet/jsp/javax.servlet.jsp-api/2.3.3/javax.servlet.jsp-api-2.3.3-sources.jar
2022-05-02 12:19:06,466 [Worker-90: Updating Maven Project] INFO  o.e.m.c.i.p.ProjectConfigurationManager - Update started
2022-05-02 12:19:06,771 [Worker-90: Updating Maven Project] INFO  o.e.m.c.i.l.LifecycleMappingFactory - Using org.maven.ide.eclipse.wtp.WarLifecycleMapping lifecycle mapping for MavenProject: ProblemStatement4-ShoppinCart:ProblemStatement4-ShoppingCart:0.0.1-SNAPSHOT @ C:\Users\SVHER5744\Desktop\Atla-Siddishwari-Advance Training Assignments\Problem Statement 4-Shopping Cart\pom.xml.
2022-05-02 12:19:06,834 [Worker-78: Download sources and javadoc] INFO  o.e.m.c.i.e.AbstractTransferListenerAdapter - Downloaded https://repo.maven.apache.org/maven2/javax/servlet/jsp/javax.servlet.jsp-api/2.3.3/javax.servlet.jsp-api-2.3.3-sources.jar
2022-05-02 12:19:06,840 [Worker-78: Download sources and javadoc] INFO  o.e.m.j.internal.DownloadSourcesJob - Downloaded sources for javax.servlet.jsp:javax.servlet.jsp-api:2.3.3
2022-05-02 12:19:07,545 [Worker-90: Updating Maven Project] INFO  o.e.m.j.i.AbstractJavaProjectConfigurator - Adding source folder /Problem Statement 4-Shopping Cart/src/main/java
2022-05-02 12:19:07,546 [Worker-90: Updating Maven Project] INFO  o.e.m.j.i.AbstractJavaProjectConfigurator - Adding source folder /Problem Statement 4-Shopping Cart/src/test/java
2022-05-02 12:19:07,773 [Worker-90: Updating Maven Project] INFO  o.e.m.w.i.f.ResourceFilteringBuildParticipant - Cleaning filtered folder for Problem Statement 4-Shopping Cart
2022-05-02 12:19:07,781 [Worker-90: Updating Maven Project] INFO  o.e.m.c.i.p.ProjectConfigurationManager - Update completed: 1 sec
2022-05-02 12:19:08,079 [Worker-78: Building] WARN  o.e.m.c.i.embedder.EclipseLogger - Using platform encoding (Cp1252 actually) to copy filtered resources, i.e. build is platform dependent!
2022-05-02 12:19:08,081 [Worker-78: Building] INFO  o.e.m.c.i.embedder.EclipseLogger - skip non existing resourceDirectory C:\Users\SVHER5744\Desktop\Atla-Siddishwari-Advance Training Assignments\Problem Statement 4-Shopping Cart\src\main\resources
2022-05-02 12:19:08,084 [Worker-78: Building] WARN  o.e.m.c.i.embedder.EclipseLogger - Using platform encoding (Cp1252 actually) to copy filtered resources, i.e. build is platform dependent!
2022-05-02 12:19:08,088 [Worker-78: Building] INFO  o.e.m.c.i.embedder.EclipseLogger - skip non existing resourceDirectory C:\Users\SVHER5744\Desktop\Atla-Siddishwari-Advance Training Assignments\Problem Statement 4-Shopping Cart\src\test\resources
2022-05-02 12:19:08,088 [Worker-78: Building] INFO  o.e.m.w.i.f.ResourceFilteringBuildParticipant - Changed resources require a complete clean of filtered resources of Problem Statement 4-Shopping Cart
2022-05-02 12:19:08,088 [Worker-78: Building] INFO  o.e.m.w.i.f.ResourceFilteringBuildParticipant - Executing resource filtering for Problem Statement 4-Shopping Cart
2022-05-02 12:19:08,095 [Worker-78: Building] WARN  o.e.m.c.i.embedder.EclipseLogger - Using platform encoding (Cp1252 actually) to copy filtered resources, i.e. build is platform dependent!
2022-05-02 12:21:13,060 [Worker-89: Building] INFO  o.e.m.c.i.l.LifecycleMappingFactory - Using org.maven.ide.eclipse.wtp.WarLifecycleMapping lifecycle mapping for MavenProject: ProblemStatement4-ShoppinCart:ProblemStatement4-ShoppingCart:0.0.1-SNAPSHOT @ C:\Users\SVHER5744\Desktop\Atla-Siddishwari-Advance Training Assignments\Problem Statement 4-Shopping Cart\pom.xml.
2022-05-02 12:21:13,623 [Worker-89: Building] INFO  o.e.m.c.i.embedder.EclipseLogger - Using 'UTF-8' encoding to copy filtered resources.
2022-05-02 12:21:13,624 [Worker-89: Building] INFO  o.e.m.c.i.embedder.EclipseLogger - skip non existing resourceDirectory C:\Users\SVHER5744\Desktop\Atla-Siddishwari-Advance Training Assignments\Problem Statement 4-Shopping Cart\src\main\resources
2022-05-02 12:21:13,625 [Worker-89: Building] INFO  o.e.m.c.i.embedder.EclipseLogger - Using 'UTF-8' encoding to copy filtered resources.
2022-05-02 12:21:13,625 [Worker-89: Building] INFO  o.e.m.c.i.embedder.EclipseLogger - skip non existing resourceDirectory C:\Users\SVHER5744\Desktop\Atla-Siddishwari-Advance Training Assignments\Problem Statement 4-Shopping Cart\src\test\resources
2022-05-02 12:21:13,626 [Worker-89: Building] INFO  o.e.m.w.i.f.ResourceFilteringBuildParticipant - Changed resources require a complete clean of filtered resources of Problem Statement 4-Shopping Cart
2022-05-02 12:21:13,626 [Worker-89: Building] INFO  o.e.m.w.i.f.ResourceFilteringBuildParticipant - Executing resource filtering for Problem Statement 4-Shopping Cart
2022-05-02 12:21:13,629 [Worker-89: Building] INFO  o.e.m.c.i.embedder.EclipseLogger - Using 'UTF-8' encoding to copy filtered resources.
2022-05-02 12:21:22,378 [Worker-75: Updating Maven Project] INFO  o.e.m.c.i.p.ProjectConfigurationManager - Update started
2022-05-02 12:21:22,603 [Worker-75: Updating Maven Project] INFO  o.e.m.c.i.l.LifecycleMappingFactory - Using org.maven.ide.eclipse.wtp.WarLifecycleMapping lifecycle mapping for MavenProject: ProblemStatement4-ShoppinCart:ProblemStatement4-ShoppingCart:0.0.1-SNAPSHOT @ C:\Users\SVHER5744\Desktop\Atla-Siddishwari-Advance Training Assignments\Problem Statement 4-Shopping Cart\pom.xml.
2022-05-02 12:21:23,263 [Worker-75: Updating Maven Project] INFO  o.e.m.j.i.AbstractJavaProjectConfigurator - Adding source folder /Problem Statement 4-Shopping Cart/src/main/java
2022-05-02 12:21:23,263 [Worker-75: Updating Maven Project] INFO  o.e.m.j.i.AbstractJavaProjectConfigurator - Adding source folder /Problem Statement 4-Shopping Cart/src/test/java
2022-05-02 12:21:23,370 [Worker-75: Updating Maven Project] INFO  o.e.m.w.i.f.ResourceFilteringBuildParticipant - Cleaning filtered folder for Problem Statement 4-Shopping Cart
2022-05-02 12:21:23,378 [Worker-75: Updating Maven Project] INFO  o.e.m.c.i.p.ProjectConfigurationManager - Update completed: 1 sec
2022-05-02 12:21:23,683 [Worker-89: Building] INFO  o.e.m.c.i.embedder.EclipseLogger - Using 'UTF-8' encoding to copy filtered resources.
2022-05-02 12:21:23,683 [Worker-89: Building] INFO  o.e.m.c.i.embedder.EclipseLogger - skip non existing resourceDirectory C:\Users\SVHER5744\Desktop\Atla-Siddishwari-Advance Training Assignments\Problem Statement 4-Shopping Cart\src\main\resources
2022-05-02 12:21:23,686 [Worker-89: Building] INFO  o.e.m.c.i.embedder.EclipseLogger - Using 'UTF-8' encoding to copy filtered resources.
2022-05-02 12:21:23,686 [Worker-89: Building] INFO  o.e.m.c.i.embedder.EclipseLogger - skip non existing resourceDirectory C:\Users\SVHER5744\Desktop\Atla-Siddishwari-Advance Training Assignments\Problem Statement 4-Shopping Cart\src\test\resources
2022-05-02 12:21:23,687 [Worker-89: Building] INFO  o.e.m.w.i.f.ResourceFilteringBuildParticipant - Changed resources require a complete clean of filtered resources of Problem Statement 4-Shopping Cart
2022-05-02 12:21:23,687 [Worker-89: Building] INFO  o.e.m.w.i.f.ResourceFilteringBuildParticipant - Executing resource filtering for Problem Statement 4-Shopping Cart
2022-05-02 12:21:23,694 [Worker-89: Building] INFO  o.e.m.c.i.embedder.EclipseLogger - Using 'UTF-8' encoding to copy filtered resources.
2022-05-02 12:22:07,214 [Worker-92: Building] INFO  o.e.m.c.i.embedder.EclipseLogger - Using 'UTF-8' encoding to copy filtered resources.
2022-05-02 12:22:07,215 [Worker-92: Building] INFO  o.e.m.c.i.embedder.EclipseLogger - skip non existing resourceDirectory C:\Users\SVHER5744\Desktop\Atla-Siddishwari-Advance Training Assignments\Problem Statement 4-Shopping Cart\src\main\resources
2022-05-02 12:22:07,215 [Worker-92: Building] INFO  o.e.m.c.i.embedder.EclipseLogger - Using 'UTF-8' encoding to copy filtered resources.
2022-05-02 12:22:07,215 [Worker-92: Building] INFO  o.e.m.c.i.embedder.EclipseLogger - skip non existing resourceDirectory C:\Users\SVHER5744\Desktop\Atla-Siddishwari-Advance Training Assignments\Problem Statement 4-Shopping Cart\src\test\resources
2022-05-02 12:22:10,234 [Worker-92: Building] INFO  o.e.m.c.i.embedder.EclipseLogger - Using 'UTF-8' encoding to copy filtered resources.
2022-05-02 12:22:10,234 [Worker-92: Building] INFO  o.e.m.c.i.embedder.EclipseLogger - skip non existing resourceDirectory C:\Users\SVHER5744\Desktop\Atla-Siddishwari-Advance Training Assignments\Problem Statement 4-Shopping Cart\src\main\resources
2022-05-02 12:22:10,236 [Worker-92: Building] INFO  o.e.m.c.i.embedder.EclipseLogger - Using 'UTF-8' encoding to copy filtered resources.
2022-05-02 12:22:10,236 [Worker-92: Building] INFO  o.e.m.c.i.embedder.EclipseLogger - skip non existing resourceDirectory C:\Users\SVHER5744\Desktop\Atla-Siddishwari-Advance Training Assignments\Problem Statement 4-Shopping Cart\src\test\resources
2022-05-02 12:22:38,885 [Worker-94: Building] INFO  o.e.m.c.i.embedder.EclipseLogger - Using 'UTF-8' encoding to copy filtered resources.
2022-05-02 12:22:38,886 [Worker-94: Building] INFO  o.e.m.c.i.embedder.EclipseLogger - skip non existing resourceDirectory C:\Users\SVHER5744\Desktop\Atla-Siddishwari-Advance Training Assignments\Problem Statement 4-Shopping Cart\src\main\resources
2022-05-02 12:22:38,887 [Worker-94: Building] INFO  o.e.m.c.i.embedder.EclipseLogger - Using 'UTF-8' encoding to copy filtered resources.
2022-05-02 12:22:38,887 [Worker-94: Building] INFO  o.e.m.c.i.embedder.EclipseLogger - skip non existing resourceDirectory C:\Users\SVHER5744\Desktop\Atla-Siddishwari-Advance Training Assignments\Problem Statement 4-Shopping Cart\src\test\resources
2022-05-02 12:22:48,191 [Worker-89: Building] INFO  o.e.m.c.i.embedder.EclipseLogger - Using 'UTF-8' encoding to copy filtered resources.
2022-05-02 12:22:48,191 [Worker-89: Building] INFO  o.e.m.c.i.embedder.EclipseLogger - skip non existing resourceDirectory C:\Users\SVHER5744\Desktop\Atla-Siddishwari-Advance Training Assignments\Problem Statement 4-Shopping Cart\src\main\resources
2022-05-02 12:22:48,192 [Worker-89: Building] INFO  o.e.m.c.i.embedder.EclipseLogger - Using 'UTF-8' encoding to copy filtered resources.
2022-05-02 12:22:48,192 [Worker-89: Building] INFO  o.e.m.c.i.embedder.EclipseLogger - skip non existing resourceDirectory C:\Users\SVHER5744\Desktop\Atla-Siddishwari-Advance Training Assignments\Problem Statement 4-Shopping Cart\src\test\resources
2022-05-02 12:23:19,384 [Worker-93: Building] INFO  o.e.m.c.i.embedder.EclipseLogger - Using 'UTF-8' encoding to copy filtered resources.
2022-05-02 12:23:19,384 [Worker-93: Building] INFO  o.e.m.c.i.embedder.EclipseLogger - skip non existing resourceDirectory C:\Users\SVHER5744\Desktop\Atla-Siddishwari-Advance Training Assignments\Problem Statement 4-Shopping Cart\src\main\resources
2022-05-02 12:23:19,386 [Worker-93: Building] INFO  o.e.m.c.i.embedder.EclipseLogger - Using 'UTF-8' encoding to copy filtered resources.
2022-05-02 12:23:19,386 [Worker-93: Building] INFO  o.e.m.c.i.embedder.EclipseLogger - skip non existing resourceDirectory C:\Users\SVHER5744\Desktop\Atla-Siddishwari-Advance Training Assignments\Problem Statement 4-Shopping Cart\src\test\resources
2022-05-02 12:23:22,882 [Worker-94: Building] INFO  o.e.m.c.i.embedder.EclipseLogger - Using 'UTF-8' encoding to copy filtered resources.
2022-05-02 12:23:22,883 [Worker-94: Building] INFO  o.e.m.c.i.embedder.EclipseLogger - skip non existing resourceDirectory C:\Users\SVHER5744\Desktop\Atla-Siddishwari-Advance Training Assignments\Problem Statement 4-Shopping Cart\src\main\resources
2022-05-02 12:23:22,884 [Worker-94: Building] INFO  o.e.m.c.i.embedder.EclipseLogger - Using 'UTF-8' encoding to copy filtered resources.
2022-05-02 12:23:22,884 [Worker-94: Building] INFO  o.e.m.c.i.embedder.EclipseLogger - skip non existing resourceDirectory C:\Users\SVHER5744\Desktop\Atla-Siddishwari-Advance Training Assignments\Problem Statement 4-Shopping Cart\src\test\resources
2022-05-02 12:24:33,773 [Worker-93: Building] INFO  o.e.m.c.i.embedder.EclipseLogger - Using 'UTF-8' encoding to copy filtered resources.
2022-05-02 12:24:33,774 [Worker-93: Building] INFO  o.e.m.c.i.embedder.EclipseLogger - skip non existing resourceDirectory C:\Users\SVHER5744\Desktop\Atla-Siddishwari-Advance Training Assignments\Problem Statement 4-Shopping Cart\src\main\resources
2022-05-02 12:24:33,776 [Worker-93: Building] INFO  o.e.m.c.i.embedder.EclipseLogger - Using 'UTF-8' encoding to copy filtered resources.
2022-05-02 12:24:33,776 [Worker-93: Building] INFO  o.e.m.c.i.embedder.EclipseLogger - skip non existing resourceDirectory C:\Users\SVHER5744\Desktop\Atla-Siddishwari-Advance Training Assignments\Problem Statement 4-Shopping Cart\src\test\resources
2022-05-02 12:24:45,796 [Worker-90: Building] INFO  o.e.m.c.i.embedder.EclipseLogger - Using 'UTF-8' encoding to copy filtered resources.
2022-05-02 12:24:45,797 [Worker-90: Building] INFO  o.e.m.c.i.embedder.EclipseLogger - skip non existing resourceDirectory C:\Users\SVHER5744\Desktop\Atla-Siddishwari-Advance Training Assignments\Problem Statement 4-Shopping Cart\src\main\resources
2022-05-02 12:24:45,798 [Worker-90: Building] INFO  o.e.m.c.i.embedder.EclipseLogger - Using 'UTF-8' encoding to copy filtered resources.
2022-05-02 12:24:45,799 [Worker-90: Building] INFO  o.e.m.c.i.embedder.EclipseLogger - skip non existing resourceDirectory C:\Users\SVHER5744\Desktop\Atla-Siddishwari-Advance Training Assignments\Problem Statement 4-Shopping Cart\src\test\resources
2022-05-02 12:25:04,091 [Worker-75: Building] INFO  o.e.m.c.i.embedder.EclipseLogger - Using 'UTF-8' encoding to copy filtered resources.
2022-05-02 12:25:04,091 [Worker-75: Building] INFO  o.e.m.c.i.embedder.EclipseLogger - skip non existing resourceDirectory C:\Users\SVHER5744\Desktop\Atla-Siddishwari-Advance Training Assignments\Problem Statement 4-Shopping Cart\src\main\resources
2022-05-02 12:25:04,092 [Worker-75: Building] INFO  o.e.m.c.i.embedder.EclipseLogger - Using 'UTF-8' encoding to copy filtered resources.
2022-05-02 12:25:04,092 [Worker-75: Building] INFO  o.e.m.c.i.embedder.EclipseLogger - skip non existing resourceDirectory C:\Users\SVHER5744\Desktop\Atla-Siddishwari-Advance Training Assignments\Problem Statement 4-Shopping Cart\src\test\resources
2022-05-02 12:25:06,170 [Worker-90: Building] INFO  o.e.m.c.i.embedder.EclipseLogger - Using 'UTF-8' encoding to copy filtered resources.
2022-05-02 12:25:06,170 [Worker-90: Building] INFO  o.e.m.c.i.embedder.EclipseLogger - skip non existing resourceDirectory C:\Users\SVHER5744\Desktop\Atla-Siddishwari-Advance Training Assignments\Problem Statement 4-Shopping Cart\src\main\resources
2022-05-02 12:25:06,171 [Worker-90: Building] INFO  o.e.m.c.i.embedder.EclipseLogger - Using 'UTF-8' encoding to copy filtered resources.
2022-05-02 12:25:06,172 [Worker-90: Building] INFO  o.e.m.c.i.embedder.EclipseLogger - skip non existing resourceDirectory C:\Users\SVHER5744\Desktop\Atla-Siddishwari-Advance Training Assignments\Problem Statement 4-Shopping Cart\src\test\resources
2022-05-02 12:25:39,898 [Worker-75: Building] INFO  o.e.m.c.i.embedder.EclipseLogger - Using 'UTF-8' encoding to copy filtered resources.
2022-05-02 12:25:39,899 [Worker-75: Building] INFO  o.e.m.c.i.embedder.EclipseLogger - skip non existing resourceDirectory C:\Users\SVHER5744\Desktop\Atla-Siddishwari-Advance Training Assignments\Problem Statement 4-Shopping Cart\src\main\resources
2022-05-02 12:25:39,900 [Worker-75: Building] INFO  o.e.m.c.i.embedder.EclipseLogger - Using 'UTF-8' encoding to copy filtered resources.
2022-05-02 12:25:39,900 [Worker-75: Building] INFO  o.e.m.c.i.embedder.EclipseLogger - skip non existing resourceDirectory C:\Users\SVHER5744\Desktop\Atla-Siddishwari-Advance Training Assignments\Problem Statement 4-Shopping Cart\src\test\resources
2022-05-02 12:25:42,973 [Worker-75: Building] INFO  o.e.m.c.i.embedder.EclipseLogger - Using 'UTF-8' encoding to copy filtered resources.
2022-05-02 12:25:42,974 [Worker-75: Building] INFO  o.e.m.c.i.embedder.EclipseLogger - skip non existing resourceDirectory C:\Users\SVHER5744\Desktop\Atla-Siddishwari-Advance Training Assignments\Problem Statement 4-Shopping Cart\src\main\resources
2022-05-02 12:25:42,975 [Worker-75: Building] INFO  o.e.m.c.i.embedder.EclipseLogger - Using 'UTF-8' encoding to copy filtered resources.
2022-05-02 12:25:42,975 [Worker-75: Building] INFO  o.e.m.c.i.embedder.EclipseLogger - skip non existing resourceDirectory C:\Users\SVHER5744\Desktop\Atla-Siddishwari-Advance Training Assignments\Problem Statement 4-Shopping Cart\src\test\resources
2022-05-02 12:26:06,563 [Worker-92: Building] INFO  o.e.m.c.i.embedder.EclipseLogger - Using 'UTF-8' encoding to copy filtered resources.
2022-05-02 12:26:06,564 [Worker-92: Building] INFO  o.e.m.c.i.embedder.EclipseLogger - skip non existing resourceDirectory C:\Users\SVHER5744\Desktop\Atla-Siddishwari-Advance Training Assignments\Problem Statement 4-Shopping Cart\src\main\resources
2022-05-02 12:26:06,565 [Worker-92: Building] INFO  o.e.m.c.i.embedder.EclipseLogger - Using 'UTF-8' encoding to copy filtered resources.
2022-05-02 12:26:06,565 [Worker-92: Building] INFO  o.e.m.c.i.embedder.EclipseLogger - skip non existing resourceDirectory C:\Users\SVHER5744\Desktop\Atla-Siddishwari-Advance Training Assignments\Problem Statement 4-Shopping Cart\src\test\resources
2022-05-02 12:26:15,613 [Worker-94: Building] INFO  o.e.m.c.i.embedder.EclipseLogger - Using 'UTF-8' encoding to copy filtered resources.
2022-05-02 12:26:15,614 [Worker-94: Building] INFO  o.e.m.c.i.embedder.EclipseLogger - skip non existing resourceDirectory C:\Users\SVHER5744\Desktop\Atla-Siddishwari-Advance Training Assignments\Problem Statement 4-Shopping Cart\src\main\resources
2022-05-02 12:26:15,615 [Worker-94: Building] INFO  o.e.m.c.i.embedder.EclipseLogger - Using 'UTF-8' encoding to copy filtered resources.
2022-05-02 12:26:15,615 [Worker-94: Building] INFO  o.e.m.c.i.embedder.EclipseLogger - skip non existing resourceDirectory C:\Users\SVHER5744\Desktop\Atla-Siddishwari-Advance Training Assignments\Problem Statement 4-Shopping Cart\src\test\resources
2022-05-02 12:48:20,437 [Worker-74: Building] INFO  o.e.m.c.i.l.LifecycleMappingFactory - Using org.maven.ide.eclipse.wtp.WarLifecycleMapping lifecycle mapping for MavenProject: ProblemStatement4-ShoppinCart:ProblemStatement4-ShoppingCart:0.0.1-SNAPSHOT @ C:\Users\SVHER5744\Desktop\Atla-Siddishwari-Advance Training Assignments\Problem Statement 4-Shopping Cart\pom.xml.
2022-05-02 12:48:26,072 [Worker-74: Building] INFO  o.e.m.c.i.embedder.EclipseLogger - Using 'UTF-8' encoding to copy filtered resources.
2022-05-02 12:48:26,073 [Worker-74: Building] INFO  o.e.m.c.i.embedder.EclipseLogger - skip non existing resourceDirectory C:\Users\SVHER5744\Desktop\Atla-Siddishwari-Advance Training Assignments\Problem Statement 4-Shopping Cart\src\main\resources
2022-05-02 12:48:26,075 [Worker-74: Building] INFO  o.e.m.c.i.embedder.EclipseLogger - Using 'UTF-8' encoding to copy filtered resources.
2022-05-02 12:48:26,076 [Worker-74: Building] INFO  o.e.m.c.i.embedder.EclipseLogger - skip non existing resourceDirectory C:\Users\SVHER5744\Desktop\Atla-Siddishwari-Advance Training Assignments\Problem Statement 4-Shopping Cart\src\test\resources
2022-05-02 12:48:26,077 [Worker-74: Building] INFO  o.e.m.w.i.f.ResourceFilteringBuildParticipant - Changed resources require a complete clean of filtered resources of Problem Statement 4-Shopping Cart
2022-05-02 12:48:26,077 [Worker-74: Building] INFO  o.e.m.w.i.f.ResourceFilteringBuildParticipant - Executing resource filtering for Problem Statement 4-Shopping Cart
2022-05-02 12:48:26,082 [Worker-74: Building] INFO  o.e.m.c.i.embedder.EclipseLogger - Using 'UTF-8' encoding to copy filtered resources.
2022-05-02 12:48:38,261 [Worker-74: Building] INFO  o.e.m.c.i.embedder.EclipseLogger - Using 'UTF-8' encoding to copy filtered resources.
2022-05-02 12:48:38,263 [Worker-74: Building] INFO  o.e.m.c.i.embedder.EclipseLogger - skip non existing resourceDirectory C:\Users\SVHER5744\Desktop\Atla-Siddishwari-Advance Training Assignments\Problem Statement 4-Shopping Cart\src\main\resources
2022-05-02 12:48:38,266 [Worker-74: Building] INFO  o.e.m.c.i.embedder.EclipseLogger - Using 'UTF-8' encoding to copy filtered resources.
2022-05-02 12:48:38,266 [Worker-74: Building] INFO  o.e.m.c.i.embedder.EclipseLogger - skip non existing resourceDirectory C:\Users\SVHER5744\Desktop\Atla-Siddishwari-Advance Training Assignments\Problem Statement 4-Shopping Cart\src\test\resources
2022-05-02 12:48:43,933 [Worker-93: Building] INFO  o.e.m.c.i.embedder.EclipseLogger - Using 'UTF-8' encoding to copy filtered resources.
2022-05-02 12:48:43,934 [Worker-93: Building] INFO  o.e.m.c.i.embedder.EclipseLogger - skip non existing resourceDirectory C:\Users\SVHER5744\Desktop\Atla-Siddishwari-Advance Training Assignments\Problem Statement 4-Shopping Cart\src\main\resources
2022-05-02 12:48:43,935 [Worker-93: Building] INFO  o.e.m.c.i.embedder.EclipseLogger - Using 'UTF-8' encoding to copy filtered resources.
2022-05-02 12:48:43,935 [Worker-93: Building] INFO  o.e.m.c.i.embedder.EclipseLogger - skip non existing resourceDirectory C:\Users\SVHER5744\Desktop\Atla-Siddishwari-Advance Training Assignments\Problem Statement 4-Shopping Cart\src\test\resources
2022-05-02 12:48:47,566 [Worker-96: Building] INFO  o.e.m.c.i.embedder.EclipseLogger - Using 'UTF-8' encoding to copy filtered resources.
2022-05-02 12:48:47,567 [Worker-96: Building] INFO  o.e.m.c.i.embedder.EclipseLogger - skip non existing resourceDirectory C:\Users\SVHER5744\Desktop\Atla-Siddishwari-Advance Training Assignments\Problem Statement 4-Shopping Cart\src\main\resources
2022-05-02 12:48:47,569 [Worker-96: Building] INFO  o.e.m.c.i.embedder.EclipseLogger - Using 'UTF-8' encoding to copy filtered resources.
2022-05-02 12:48:47,570 [Worker-96: Building] INFO  o.e.m.c.i.embedder.EclipseLogger - skip non existing resourceDirectory C:\Users\SVHER5744\Desktop\Atla-Siddishwari-Advance Training Assignments\Problem Statement 4-Shopping Cart\src\test\resources
2022-05-02 12:48:51,568 [Worker-96: Building] INFO  o.e.m.c.i.embedder.EclipseLogger - Using 'UTF-8' encoding to copy filtered resources.
2022-05-02 12:48:51,570 [Worker-96: Building] INFO  o.e.m.c.i.embedder.EclipseLogger - skip non existing resourceDirectory C:\Users\SVHER5744\Desktop\Atla-Siddishwari-Advance Training Assignments\Problem Statement 4-Shopping Cart\src\main\resources
2022-05-02 12:48:51,570 [Worker-96: Building] INFO  o.e.m.c.i.embedder.EclipseLogger - Using 'UTF-8' encoding to copy filtered resources.
2022-05-02 12:48:51,571 [Worker-96: Building] INFO  o.e.m.c.i.embedder.EclipseLogger - skip non existing resourceDirectory C:\Users\SVHER5744\Desktop\Atla-Siddishwari-Advance Training Assignments\Problem Statement 4-Shopping Cart\src\test\resources
2022-05-02 12:48:55,878 [Worker-96: Building] INFO  o.e.m.c.i.embedder.EclipseLogger - Using 'UTF-8' encoding to copy filtered resources.
2022-05-02 12:48:55,879 [Worker-96: Building] INFO  o.e.m.c.i.embedder.EclipseLogger - skip non existing resourceDirectory C:\Users\SVHER5744\Desktop\Atla-Siddishwari-Advance Training Assignments\Problem Statement 4-Shopping Cart\src\main\resources
2022-05-02 12:48:55,879 [Worker-96: Building] INFO  o.e.m.c.i.embedder.EclipseLogger - Using 'UTF-8' encoding to copy filtered resources.
2022-05-02 12:48:55,880 [Worker-96: Building] INFO  o.e.m.c.i.embedder.EclipseLogger - skip non existing resourceDirectory C:\Users\SVHER5744\Desktop\Atla-Siddishwari-Advance Training Assignments\Problem Statement 4-Shopping Cart\src\test\resources
2022-05-02 12:48:59,127 [Worker-96: Building] INFO  o.e.m.c.i.embedder.EclipseLogger - Using 'UTF-8' encoding to copy filtered resources.
2022-05-02 12:48:59,127 [Worker-96: Building] INFO  o.e.m.c.i.embedder.EclipseLogger - skip non existing resourceDirectory C:\Users\SVHER5744\Desktop\Atla-Siddishwari-Advance Training Assignments\Problem Statement 4-Shopping Cart\src\main\resources
2022-05-02 12:48:59,129 [Worker-96: Building] INFO  o.e.m.c.i.embedder.EclipseLogger - Using 'UTF-8' encoding to copy filtered resources.
2022-05-02 12:48:59,130 [Worker-96: Building] INFO  o.e.m.c.i.embedder.EclipseLogger - skip non existing resourceDirectory C:\Users\SVHER5744\Desktop\Atla-Siddishwari-Advance Training Assignments\Problem Statement 4-Shopping Cart\src\test\resources
2022-05-02 12:49:18,200 [Worker-93: Building] INFO  o.e.m.c.i.embedder.EclipseLogger - Using 'UTF-8' encoding to copy filtered resources.
2022-05-02 12:49:18,201 [Worker-93: Building] INFO  o.e.m.c.i.embedder.EclipseLogger - skip non existing resourceDirectory C:\Users\SVHER5744\Desktop\Atla-Siddishwari-Advance Training Assignments\Problem Statement 4-Shopping Cart\src\main\resources
2022-05-02 12:49:18,201 [Worker-93: Building] INFO  o.e.m.c.i.embedder.EclipseLogger - Using 'UTF-8' encoding to copy filtered resources.
2022-05-02 12:49:18,202 [Worker-93: Building] INFO  o.e.m.c.i.embedder.EclipseLogger - skip non existing resourceDirectory C:\Users\SVHER5744\Desktop\Atla-Siddishwari-Advance Training Assignments\Problem Statement 4-Shopping Cart\src\test\resources
2022-05-02 12:49:40,261 [Worker-96: Updating Maven Project] INFO  o.e.m.c.i.p.ProjectConfigurationManager - Update started
2022-05-02 12:49:40,624 [Worker-96: Updating Maven Project] INFO  o.e.m.c.i.l.LifecycleMappingFactory - Using org.maven.ide.eclipse.wtp.WarLifecycleMapping lifecycle mapping for MavenProject: ProblemStatement4-ShoppinCart:ProblemStatement4-ShoppingCart:0.0.1-SNAPSHOT @ C:\Users\SVHER5744\Desktop\Atla-Siddishwari-Advance Training Assignments\Problem Statement 4-Shopping Cart\pom.xml.
2022-05-02 12:49:41,185 [Worker-96: Updating Maven Project] INFO  o.e.m.j.i.AbstractJavaProjectConfigurator - Adding source folder /Problem Statement 4-Shopping Cart/src/main/java
2022-05-02 12:49:41,186 [Worker-96: Updating Maven Project] INFO  o.e.m.j.i.AbstractJavaProjectConfigurator - Adding source folder /Problem Statement 4-Shopping Cart/src/test/java
2022-05-02 12:49:41,364 [Worker-96: Updating Maven Project] INFO  o.e.m.w.i.f.ResourceFilteringBuildParticipant - Cleaning filtered folder for Problem Statement 4-Shopping Cart
2022-05-02 12:49:41,373 [Worker-96: Updating Maven Project] INFO  o.e.m.c.i.p.ProjectConfigurationManager - Update completed: 1 sec
2022-05-02 12:49:41,593 [Worker-75: Building] INFO  o.e.m.c.i.embedder.EclipseLogger - Using 'UTF-8' encoding to copy filtered resources.
2022-05-02 12:49:41,594 [Worker-75: Building] INFO  o.e.m.c.i.embedder.EclipseLogger - skip non existing resourceDirectory C:\Users\SVHER5744\Desktop\Atla-Siddishwari-Advance Training Assignments\Problem Statement 4-Shopping Cart\src\main\resources
2022-05-02 12:49:41,595 [Worker-75: Building] INFO  o.e.m.c.i.embedder.EclipseLogger - Using 'UTF-8' encoding to copy filtered resources.
2022-05-02 12:49:41,596 [Worker-75: Building] INFO  o.e.m.c.i.embedder.EclipseLogger - skip non existing resourceDirectory C:\Users\SVHER5744\Desktop\Atla-Siddishwari-Advance Training Assignments\Problem Statement 4-Shopping Cart\src\test\resources
2022-05-02 12:49:41,596 [Worker-75: Building] INFO  o.e.m.w.i.f.ResourceFilteringBuildParticipant - Changed resources require a complete clean of filtered resources of Problem Statement 4-Shopping Cart
2022-05-02 12:49:41,596 [Worker-75: Building] INFO  o.e.m.w.i.f.ResourceFilteringBuildParticipant - Executing resource filtering for Problem Statement 4-Shopping Cart
2022-05-02 12:49:41,599 [Worker-75: Building] INFO  o.e.m.c.i.embedder.EclipseLogger - Using 'UTF-8' encoding to copy filtered resources.
2022-05-02 12:50:08,356 [Worker-99: Building] INFO  o.e.m.c.i.embedder.EclipseLogger - Using 'UTF-8' encoding to copy filtered resources.
2022-05-02 12:50:08,356 [Worker-99: Building] INFO  o.e.m.c.i.embedder.EclipseLogger - skip non existing resourceDirectory C:\Users\SVHER5744\Desktop\Atla-Siddishwari-Advance Training Assignments\Problem Statement 4-Shopping Cart\src\main\resources
2022-05-02 12:50:08,359 [Worker-99: Building] INFO  o.e.m.c.i.embedder.EclipseLogger - Using 'UTF-8' encoding to copy filtered resources.
2022-05-02 12:50:08,359 [Worker-99: Building] INFO  o.e.m.c.i.embedder.EclipseLogger - skip non existing resourceDirectory C:\Users\SVHER5744\Desktop\Atla-Siddishwari-Advance Training Assignments\Problem Statement 4-Shopping Cart\src\test\resources
2022-05-02 12:50:34,390 [Worker-90: Building] INFO  o.e.m.c.i.embedder.EclipseLogger - Using 'UTF-8' encoding to copy filtered resources.
2022-05-02 12:50:34,392 [Worker-90: Building] INFO  o.e.m.c.i.embedder.EclipseLogger - skip non existing resourceDirectory C:\Users\SVHER5744\Desktop\Atla-Siddishwari-Advance Training Assignments\Problem Statement 4-Shopping Cart\src\main\resources
2022-05-02 12:50:34,394 [Worker-90: Building] INFO  o.e.m.c.i.embedder.EclipseLogger - Using 'UTF-8' encoding to copy filtered resources.
2022-05-02 12:50:34,394 [Worker-90: Building] INFO  o.e.m.c.i.embedder.EclipseLogger - skip non existing resourceDirectory C:\Users\SVHER5744\Desktop\Atla-Siddishwari-Advance Training Assignments\Problem Statement 4-Shopping Cart\src\test\resources
2022-05-02 12:50:55,808 [Worker-93: Building] INFO  o.e.m.c.i.embedder.EclipseLogger - Using 'UTF-8' encoding to copy filtered resources.
2022-05-02 12:50:55,809 [Worker-93: Building] INFO  o.e.m.c.i.embedder.EclipseLogger - skip non existing resourceDirectory C:\Users\SVHER5744\Desktop\Atla-Siddishwari-Advance Training Assignments\Problem Statement 4-Shopping Cart\src\main\resources
2022-05-02 12:50:55,811 [Worker-93: Building] INFO  o.e.m.c.i.embedder.EclipseLogger - Using 'UTF-8' encoding to copy filtered resources.
2022-05-02 12:50:55,811 [Worker-93: Building] INFO  o.e.m.c.i.embedder.EclipseLogger - skip non existing resourceDirectory C:\Users\SVHER5744\Desktop\Atla-Siddishwari-Advance Training Assignments\Problem Statement 4-Shopping Cart\src\test\resources
2022-05-02 12:50:58,982 [Worker-99: Building] INFO  o.e.m.c.i.embedder.EclipseLogger - Using 'UTF-8' encoding to copy filtered resources.
2022-05-02 12:50:58,982 [Worker-99: Building] INFO  o.e.m.c.i.embedder.EclipseLogger - skip non existing resourceDirectory C:\Users\SVHER5744\Desktop\Atla-Siddishwari-Advance Training Assignments\Problem Statement 4-Shopping Cart\src\main\resources
2022-05-02 12:50:58,984 [Worker-99: Building] INFO  o.e.m.c.i.embedder.EclipseLogger - Using 'UTF-8' encoding to copy filtered resources.
2022-05-02 12:50:58,984 [Worker-99: Building] INFO  o.e.m.c.i.embedder.EclipseLogger - skip non existing resourceDirectory C:\Users\SVHER5744\Desktop\Atla-Siddishwari-Advance Training Assignments\Problem Statement 4-Shopping Cart\src\test\resources
2022-05-02 12:52:06,024 [Worker-96: Building] INFO  o.e.m.c.i.embedder.EclipseLogger - Using 'UTF-8' encoding to copy filtered resources.
2022-05-02 12:52:06,025 [Worker-96: Building] INFO  o.e.m.c.i.embedder.EclipseLogger - skip non existing resourceDirectory C:\Users\SVHER5744\Desktop\Atla-Siddishwari-Advance Training Assignments\Problem Statement 4-Shopping Cart\src\main\resources
2022-05-02 12:52:06,026 [Worker-96: Building] INFO  o.e.m.c.i.embedder.EclipseLogger - Using 'UTF-8' encoding to copy filtered resources.
2022-05-02 12:52:06,026 [Worker-96: Building] INFO  o.e.m.c.i.embedder.EclipseLogger - skip non existing resourceDirectory C:\Users\SVHER5744\Desktop\Atla-Siddishwari-Advance Training Assignments\Problem Statement 4-Shopping Cart\src\test\resources
2022-05-02 12:52:19,235 [Worker-96: Building] INFO  o.e.m.c.i.embedder.EclipseLogger - Using 'UTF-8' encoding to copy filtered resources.
2022-05-02 12:52:19,236 [Worker-96: Building] INFO  o.e.m.c.i.embedder.EclipseLogger - skip non existing resourceDirectory C:\Users\SVHER5744\Desktop\Atla-Siddishwari-Advance Training Assignments\Problem Statement 4-Shopping Cart\src\main\resources
2022-05-02 12:52:19,236 [Worker-96: Building] INFO  o.e.m.c.i.embedder.EclipseLogger - Using 'UTF-8' encoding to copy filtered resources.
2022-05-02 12:52:19,236 [Worker-96: Building] INFO  o.e.m.c.i.embedder.EclipseLogger - skip non existing resourceDirectory C:\Users\SVHER5744\Desktop\Atla-Siddishwari-Advance Training Assignments\Problem Statement 4-Shopping Cart\src\test\resources
2022-05-02 12:53:36,650 [Worker-99: Building] INFO  o.e.m.c.i.embedder.EclipseLogger - Using 'UTF-8' encoding to copy filtered resources.
2022-05-02 12:53:36,650 [Worker-99: Building] INFO  o.e.m.c.i.embedder.EclipseLogger - skip non existing resourceDirectory C:\Users\SVHER5744\Desktop\Atla-Siddishwari-Advance Training Assignments\Problem Statement 4-Shopping Cart\src\main\resources
2022-05-02 12:53:36,652 [Worker-99: Building] INFO  o.e.m.c.i.embedder.EclipseLogger - Using 'UTF-8' encoding to copy filtered resources.
2022-05-02 12:53:36,653 [Worker-99: Building] INFO  o.e.m.c.i.embedder.EclipseLogger - skip non existing resourceDirectory C:\Users\SVHER5744\Desktop\Atla-Siddishwari-Advance Training Assignments\Problem Statement 4-Shopping Cart\src\test\resources
2022-05-02 12:53:44,255 [Worker-98: Building] INFO  o.e.m.c.i.embedder.EclipseLogger - Using 'UTF-8' encoding to copy filtered resources.
2022-05-02 12:53:44,255 [Worker-98: Building] INFO  o.e.m.c.i.embedder.EclipseLogger - skip non existing resourceDirectory C:\Users\SVHER5744\Desktop\Atla-Siddishwari-Advance Training Assignments\Problem Statement 4-Shopping Cart\src\main\resources
2022-05-02 12:53:44,256 [Worker-98: Building] INFO  o.e.m.c.i.embedder.EclipseLogger - Using 'UTF-8' encoding to copy filtered resources.
2022-05-02 12:53:44,257 [Worker-98: Building] INFO  o.e.m.c.i.embedder.EclipseLogger - skip non existing resourceDirectory C:\Users\SVHER5744\Desktop\Atla-Siddishwari-Advance Training Assignments\Problem Statement 4-Shopping Cart\src\test\resources
2022-05-02 12:54:13,759 [Worker-99: Building] INFO  o.e.m.c.i.l.LifecycleMappingFactory - Using org.maven.ide.eclipse.wtp.WarLifecycleMapping lifecycle mapping for MavenProject: ProblemStatement4-ShoppinCart:ProblemStatement4-ShoppingCart:0.0.1-SNAPSHOT @ C:\Users\SVHER5744\Desktop\Atla-Siddishwari-Advance Training Assignments\Problem Statement 4-Shopping Cart\pom.xml.
2022-05-02 12:54:14,260 [Worker-99: Building] INFO  o.e.m.c.i.embedder.EclipseLogger - Using 'UTF-8' encoding to copy filtered resources.
2022-05-02 12:54:14,260 [Worker-99: Building] INFO  o.e.m.c.i.embedder.EclipseLogger - skip non existing resourceDirectory C:\Users\SVHER5744\Desktop\Atla-Siddishwari-Advance Training Assignments\Problem Statement 4-Shopping Cart\src\main\resources
2022-05-02 12:54:14,263 [Worker-99: Building] INFO  o.e.m.c.i.embedder.EclipseLogger - Using 'UTF-8' encoding to copy filtered resources.
2022-05-02 12:54:14,264 [Worker-99: Building] INFO  o.e.m.c.i.embedder.EclipseLogger - skip non existing resourceDirectory C:\Users\SVHER5744\Desktop\Atla-Siddishwari-Advance Training Assignments\Problem Statement 4-Shopping Cart\src\test\resources
2022-05-02 12:54:14,264 [Worker-99: Building] INFO  o.e.m.w.i.f.ResourceFilteringBuildParticipant - Changed resources require a complete clean of filtered resources of Problem Statement 4-Shopping Cart
2022-05-02 12:54:14,264 [Worker-99: Building] INFO  o.e.m.w.i.f.ResourceFilteringBuildParticipant - Executing resource filtering for Problem Statement 4-Shopping Cart
2022-05-02 12:54:14,267 [Worker-99: Building] INFO  o.e.m.c.i.embedder.EclipseLogger - Using 'UTF-8' encoding to copy filtered resources.
2022-05-02 12:54:15,522 [Worker-74: Building] INFO  o.e.m.c.i.embedder.EclipseLogger - Using 'UTF-8' encoding to copy filtered resources.
2022-05-02 12:54:15,523 [Worker-74: Building] INFO  o.e.m.c.i.embedder.EclipseLogger - skip non existing resourceDirectory C:\Users\SVHER5744\Desktop\Atla-Siddishwari-Advance Training Assignments\Problem Statement 4-Shopping Cart\src\main\resources
2022-05-02 12:54:15,524 [Worker-74: Building] INFO  o.e.m.c.i.embedder.EclipseLogger - Using 'UTF-8' encoding to copy filtered resources.
2022-05-02 12:54:15,525 [Worker-74: Building] INFO  o.e.m.c.i.embedder.EclipseLogger - skip non existing resourceDirectory C:\Users\SVHER5744\Desktop\Atla-Siddishwari-Advance Training Assignments\Problem Statement 4-Shopping Cart\src\test\resources
2022-05-02 12:54:23,835 [Worker-96: Updating Maven Project] INFO  o.e.m.c.i.p.ProjectConfigurationManager - Update started
2022-05-02 12:54:24,113 [Worker-96: Updating Maven Project] INFO  o.e.m.c.i.l.LifecycleMappingFactory - Using org.maven.ide.eclipse.wtp.WarLifecycleMapping lifecycle mapping for MavenProject: ProblemStatement4-ShoppinCart:ProblemStatement4-ShoppingCart:0.0.1-SNAPSHOT @ C:\Users\SVHER5744\Desktop\Atla-Siddishwari-Advance Training Assignments\Problem Statement 4-Shopping Cart\pom.xml.
2022-05-02 12:54:24,625 [Worker-96: Updating Maven Project] INFO  o.e.m.j.i.AbstractJavaProjectConfigurator - Adding source folder /Problem Statement 4-Shopping Cart/src/main/java
2022-05-02 12:54:24,625 [Worker-96: Updating Maven Project] INFO  o.e.m.j.i.AbstractJavaProjectConfigurator - Adding source folder /Problem Statement 4-Shopping Cart/src/test/java
2022-05-02 12:54:24,729 [Worker-96: Updating Maven Project] INFO  o.e.m.w.i.f.ResourceFilteringBuildParticipant - Cleaning filtered folder for Problem Statement 4-Shopping Cart
2022-05-02 12:54:24,740 [Worker-96: Updating Maven Project] INFO  o.e.m.c.i.p.ProjectConfigurationManager - Update completed: 0 sec
2022-05-02 12:54:25,461 [Worker-93: Building] INFO  o.e.m.c.i.embedder.EclipseLogger - Using 'UTF-8' encoding to copy filtered resources.
2022-05-02 12:54:25,461 [Worker-93: Building] INFO  o.e.m.c.i.embedder.EclipseLogger - skip non existing resourceDirectory C:\Users\SVHER5744\Desktop\Atla-Siddishwari-Advance Training Assignments\Problem Statement 4-Shopping Cart\src\main\resources
2022-05-02 12:54:25,463 [Worker-93: Building] INFO  o.e.m.c.i.embedder.EclipseLogger - Using 'UTF-8' encoding to copy filtered resources.
2022-05-02 12:54:25,464 [Worker-93: Building] INFO  o.e.m.c.i.embedder.EclipseLogger - skip non existing resourceDirectory C:\Users\SVHER5744\Desktop\Atla-Siddishwari-Advance Training Assignments\Problem Statement 4-Shopping Cart\src\test\resources
2022-05-02 12:54:25,465 [Worker-93: Building] INFO  o.e.m.w.i.f.ResourceFilteringBuildParticipant - Changed resources require a complete clean of filtered resources of Problem Statement 4-Shopping Cart
2022-05-02 12:54:25,465 [Worker-93: Building] INFO  o.e.m.w.i.f.ResourceFilteringBuildParticipant - Executing resource filtering for Problem Statement 4-Shopping Cart
2022-05-02 12:54:25,469 [Worker-93: Building] INFO  o.e.m.c.i.embedder.EclipseLogger - Using 'UTF-8' encoding to copy filtered resources.
2022-05-02 12:57:17,885 [Worker-93: Building] INFO  o.e.m.c.i.embedder.EclipseLogger - Using 'UTF-8' encoding to copy filtered resources.
2022-05-02 12:57:17,886 [Worker-93: Building] INFO  o.e.m.c.i.embedder.EclipseLogger - skip non existing resourceDirectory C:\Users\SVHER5744\Desktop\Atla-Siddishwari-Advance Training Assignments\Problem Statement 4-Shopping Cart\src\main\resources
2022-05-02 12:57:17,887 [Worker-93: Building] INFO  o.e.m.c.i.embedder.EclipseLogger - Using 'UTF-8' encoding to copy filtered resources.
2022-05-02 12:57:17,888 [Worker-93: Building] INFO  o.e.m.c.i.embedder.EclipseLogger - skip non existing resourceDirectory C:\Users\SVHER5744\Desktop\Atla-Siddishwari-Advance Training Assignments\Problem Statement 4-Shopping Cart\src\test\resources
2022-05-02 12:57:29,567 [Worker-93: Building] INFO  o.e.m.c.i.embedder.EclipseLogger - Using 'UTF-8' encoding to copy filtered resources.
2022-05-02 12:57:29,567 [Worker-93: Building] INFO  o.e.m.c.i.embedder.EclipseLogger - skip non existing resourceDirectory C:\Users\SVHER5744\Desktop\Atla-Siddishwari-Advance Training Assignments\Problem Statement 4-Shopping Cart\src\main\resources
2022-05-02 12:57:29,568 [Worker-93: Building] INFO  o.e.m.c.i.embedder.EclipseLogger - Using 'UTF-8' encoding to copy filtered resources.
2022-05-02 12:57:29,569 [Worker-93: Building] INFO  o.e.m.c.i.embedder.EclipseLogger - skip non existing resourceDirectory C:\Users\SVHER5744\Desktop\Atla-Siddishwari-Advance Training Assignments\Problem Statement 4-Shopping Cart\src\test\resources
2022-05-02 12:57:47,554 [Worker-75: Building] INFO  o.e.m.c.i.embedder.EclipseLogger - Using 'UTF-8' encoding to copy filtered resources.
2022-05-02 12:57:47,554 [Worker-75: Building] INFO  o.e.m.c.i.embedder.EclipseLogger - skip non existing resourceDirectory C:\Users\SVHER5744\Desktop\Atla-Siddishwari-Advance Training Assignments\Problem Statement 4-Shopping Cart\src\main\resources
2022-05-02 12:57:47,556 [Worker-75: Building] INFO  o.e.m.c.i.embedder.EclipseLogger - Using 'UTF-8' encoding to copy filtered resources.
2022-05-02 12:57:47,556 [Worker-75: Building] INFO  o.e.m.c.i.embedder.EclipseLogger - skip non existing resourceDirectory C:\Users\SVHER5744\Desktop\Atla-Siddishwari-Advance Training Assignments\Problem Statement 4-Shopping Cart\src\test\resources
2022-05-02 12:58:51,327 [Worker-75: Building] INFO  o.e.m.c.i.embedder.EclipseLogger - Using 'UTF-8' encoding to copy filtered resources.
2022-05-02 12:58:51,327 [Worker-75: Building] INFO  o.e.m.c.i.embedder.EclipseLogger - skip non existing resourceDirectory C:\Users\SVHER5744\Desktop\Atla-Siddishwari-Advance Training Assignments\Problem Statement 4-Shopping Cart\src\main\resources
2022-05-02 12:58:51,330 [Worker-75: Building] INFO  o.e.m.c.i.embedder.EclipseLogger - Using 'UTF-8' encoding to copy filtered resources.
2022-05-02 12:58:51,332 [Worker-75: Building] INFO  o.e.m.c.i.embedder.EclipseLogger - skip non existing resourceDirectory C:\Users\SVHER5744\Desktop\Atla-Siddishwari-Advance Training Assignments\Problem Statement 4-Shopping Cart\src\test\resources
2022-05-02 12:58:58,140 [Worker-98: Building] INFO  o.e.m.c.i.embedder.EclipseLogger - Using 'UTF-8' encoding to copy filtered resources.
2022-05-02 12:58:58,140 [Worker-98: Building] INFO  o.e.m.c.i.embedder.EclipseLogger - skip non existing resourceDirectory C:\Users\SVHER5744\Desktop\Atla-Siddishwari-Advance Training Assignments\Problem Statement 4-Shopping Cart\src\main\resources
2022-05-02 12:58:58,141 [Worker-98: Building] INFO  o.e.m.c.i.embedder.EclipseLogger - Using 'UTF-8' encoding to copy filtered resources.
2022-05-02 12:58:58,141 [Worker-98: Building] INFO  o.e.m.c.i.embedder.EclipseLogger - skip non existing resourceDirectory C:\Users\SVHER5744\Desktop\Atla-Siddishwari-Advance Training Assignments\Problem Statement 4-Shopping Cart\src\test\resources
2022-05-02 13:04:57,113 [Worker-75: Building] INFO  o.e.m.c.i.embedder.EclipseLogger - Using 'UTF-8' encoding to copy filtered resources.
2022-05-02 13:04:57,113 [Worker-75: Building] INFO  o.e.m.c.i.embedder.EclipseLogger - skip non existing resourceDirectory C:\Users\SVHER5744\Desktop\Atla-Siddishwari-Advance Training Assignments\Problem Statement 4-Shopping Cart\src\main\resources
2022-05-02 13:04:57,114 [Worker-75: Building] INFO  o.e.m.c.i.embedder.EclipseLogger - Using 'UTF-8' encoding to copy filtered resources.
2022-05-02 13:04:57,115 [Worker-75: Building] INFO  o.e.m.c.i.embedder.EclipseLogger - skip non existing resourceDirectory C:\Users\SVHER5744\Desktop\Atla-Siddishwari-Advance Training Assignments\Problem Statement 4-Shopping Cart\src\test\resources
2022-05-02 13:06:59,332 [Worker-98: Building] INFO  o.e.m.c.i.embedder.EclipseLogger - Using 'UTF-8' encoding to copy filtered resources.
2022-05-02 13:06:59,333 [Worker-98: Building] INFO  o.e.m.c.i.embedder.EclipseLogger - skip non existing resourceDirectory C:\Users\SVHER5744\Desktop\Atla-Siddishwari-Advance Training Assignments\Problem Statement 4-Shopping Cart\src\main\resources
2022-05-02 13:06:59,335 [Worker-98: Building] INFO  o.e.m.c.i.embedder.EclipseLogger - Using 'UTF-8' encoding to copy filtered resources.
2022-05-02 13:06:59,336 [Worker-98: Building] INFO  o.e.m.c.i.embedder.EclipseLogger - skip non existing resourceDirectory C:\Users\SVHER5744\Desktop\Atla-Siddishwari-Advance Training Assignments\Problem Statement 4-Shopping Cart\src\test\resources
2022-05-02 13:07:08,247 [Worker-93: Building] INFO  o.e.m.c.i.embedder.EclipseLogger - Using 'UTF-8' encoding to copy filtered resources.
2022-05-02 13:07:08,248 [Worker-93: Building] INFO  o.e.m.c.i.embedder.EclipseLogger - skip non existing resourceDirectory C:\Users\SVHER5744\Desktop\Atla-Siddishwari-Advance Training Assignments\Problem Statement 4-Shopping Cart\src\main\resources
2022-05-02 13:07:08,249 [Worker-93: Building] INFO  o.e.m.c.i.embedder.EclipseLogger - Using 'UTF-8' encoding to copy filtered resources.
2022-05-02 13:07:08,249 [Worker-93: Building] INFO  o.e.m.c.i.embedder.EclipseLogger - skip non existing resourceDirectory C:\Users\SVHER5744\Desktop\Atla-Siddishwari-Advance Training Assignments\Problem Statement 4-Shopping Cart\src\test\resources
2022-05-02 13:07:38,062 [Worker-98: Building] INFO  o.e.m.c.i.embedder.EclipseLogger - Using 'UTF-8' encoding to copy filtered resources.
2022-05-02 13:07:38,063 [Worker-98: Building] INFO  o.e.m.c.i.embedder.EclipseLogger - skip non existing resourceDirectory C:\Users\SVHER5744\Desktop\Atla-Siddishwari-Advance Training Assignments\Problem Statement 4-Shopping Cart\src\main\resources
2022-05-02 13:07:38,066 [Worker-98: Building] INFO  o.e.m.c.i.embedder.EclipseLogger - Using 'UTF-8' encoding to copy filtered resources.
2022-05-02 13:07:38,066 [Worker-98: Building] INFO  o.e.m.c.i.embedder.EclipseLogger - skip non existing resourceDirectory C:\Users\SVHER5744\Desktop\Atla-Siddishwari-Advance Training Assignments\Problem Statement 4-Shopping Cart\src\test\resources
2022-05-02 13:08:21,129 [Worker-106: Building] INFO  o.e.m.c.i.embedder.EclipseLogger - Using 'UTF-8' encoding to copy filtered resources.
2022-05-02 13:08:21,130 [Worker-106: Building] INFO  o.e.m.c.i.embedder.EclipseLogger - skip non existing resourceDirectory C:\Users\SVHER5744\Desktop\Atla-Siddishwari-Advance Training Assignments\Problem Statement 4-Shopping Cart\src\main\resources
2022-05-02 13:08:21,130 [Worker-106: Building] INFO  o.e.m.c.i.embedder.EclipseLogger - Using 'UTF-8' encoding to copy filtered resources.
2022-05-02 13:08:21,131 [Worker-106: Building] INFO  o.e.m.c.i.embedder.EclipseLogger - skip non existing resourceDirectory C:\Users\SVHER5744\Desktop\Atla-Siddishwari-Advance Training Assignments\Problem Statement 4-Shopping Cart\src\test\resources
2022-05-02 13:08:34,459 [Worker-106: Building] INFO  o.e.m.c.i.embedder.EclipseLogger - Using 'UTF-8' encoding to copy filtered resources.
2022-05-02 13:08:34,459 [Worker-106: Building] INFO  o.e.m.c.i.embedder.EclipseLogger - skip non existing resourceDirectory C:\Users\SVHER5744\Desktop\Atla-Siddishwari-Advance Training Assignments\Problem Statement 4-Shopping Cart\src\main\resources
2022-05-02 13:08:34,461 [Worker-106: Building] INFO  o.e.m.c.i.embedder.EclipseLogger - Using 'UTF-8' encoding to copy filtered resources.
2022-05-02 13:08:34,461 [Worker-106: Building] INFO  o.e.m.c.i.embedder.EclipseLogger - skip non existing resourceDirectory C:\Users\SVHER5744\Desktop\Atla-Siddishwari-Advance Training Assignments\Problem Statement 4-Shopping Cart\src\test\resources
2022-05-02 13:16:42,608 [Worker-98: Building] INFO  o.e.m.c.i.embedder.EclipseLogger - Using 'UTF-8' encoding to copy filtered resources.
2022-05-02 13:16:42,609 [Worker-98: Building] INFO  o.e.m.c.i.embedder.EclipseLogger - skip non existing resourceDirectory C:\Users\SVHER5744\Desktop\Atla-Siddishwari-Advance Training Assignments\Problem Statement 4-Shopping Cart\src\main\resources
2022-05-02 13:16:42,611 [Worker-98: Building] INFO  o.e.m.c.i.embedder.EclipseLogger - Using 'UTF-8' encoding to copy filtered resources.
2022-05-02 13:16:42,611 [Worker-98: Building] INFO  o.e.m.c.i.embedder.EclipseLogger - skip non existing resourceDirectory C:\Users\SVHER5744\Desktop\Atla-Siddishwari-Advance Training Assignments\Problem Statement 4-Shopping Cart\src\test\resources
2022-05-02 13:22:32,248 [Worker-98: Building] INFO  o.e.m.c.i.l.LifecycleMappingFactory - Using org.maven.ide.eclipse.wtp.WarLifecycleMapping lifecycle mapping for MavenProject: ProblemStatement4-ShoppinCart:ProblemStatement4-ShoppingCart:0.0.1-SNAPSHOT @ C:\Users\SVHER5744\Desktop\Atla-Siddishwari-Advance Training Assignments\Problem Statement 4-Shopping Cart\pom.xml.
2022-05-02 13:22:35,648 [Worker-98: Building] INFO  o.e.m.c.i.embedder.EclipseLogger - Using 'UTF-8' encoding to copy filtered resources.
2022-05-02 13:22:35,649 [Worker-98: Building] INFO  o.e.m.c.i.embedder.EclipseLogger - skip non existing resourceDirectory C:\Users\SVHER5744\Desktop\Atla-Siddishwari-Advance Training Assignments\Problem Statement 4-Shopping Cart\src\main\resources
2022-05-02 13:22:35,651 [Worker-98: Building] INFO  o.e.m.c.i.embedder.EclipseLogger - Using 'UTF-8' encoding to copy filtered resources.
2022-05-02 13:22:35,651 [Worker-98: Building] INFO  o.e.m.c.i.embedder.EclipseLogger - skip non existing resourceDirectory C:\Users\SVHER5744\Desktop\Atla-Siddishwari-Advance Training Assignments\Problem Statement 4-Shopping Cart\src\test\resources
2022-05-02 13:22:35,652 [Worker-98: Building] INFO  o.e.m.w.i.f.ResourceFilteringBuildParticipant - Changed resources require a complete clean of filtered resources of Problem Statement 4-Shopping Cart
2022-05-02 13:22:35,652 [Worker-98: Building] INFO  o.e.m.w.i.f.ResourceFilteringBuildParticipant - Executing resource filtering for Problem Statement 4-Shopping Cart
2022-05-02 13:22:35,656 [Worker-98: Building] INFO  o.e.m.c.i.embedder.EclipseLogger - Using 'UTF-8' encoding to copy filtered resources.
2022-05-02 13:22:40,689 [Worker-111: Updating Maven Project] INFO  o.e.m.c.i.p.ProjectConfigurationManager - Update started
2022-05-02 13:22:40,913 [Worker-111: Updating Maven Project] INFO  o.e.m.c.i.l.LifecycleMappingFactory - Using org.maven.ide.eclipse.wtp.WarLifecycleMapping lifecycle mapping for MavenProject: ProblemStatement4-ShoppinCart:ProblemStatement4-ShoppingCart:0.0.1-SNAPSHOT @ C:\Users\SVHER5744\Desktop\Atla-Siddishwari-Advance Training Assignments\Problem Statement 4-Shopping Cart\pom.xml.
2022-05-02 13:22:41,409 [Worker-111: Updating Maven Project] INFO  o.e.m.j.i.AbstractJavaProjectConfigurator - Adding source folder /Problem Statement 4-Shopping Cart/src/main/java
2022-05-02 13:22:41,410 [Worker-111: Updating Maven Project] INFO  o.e.m.j.i.AbstractJavaProjectConfigurator - Adding source folder /Problem Statement 4-Shopping Cart/src/test/java
2022-05-02 13:22:42,156 [Worker-111: Updating Maven Project] INFO  o.e.m.w.i.f.ResourceFilteringBuildParticipant - Cleaning filtered folder for Problem Statement 4-Shopping Cart
2022-05-02 13:22:42,165 [Worker-111: Updating Maven Project] INFO  o.e.m.c.i.p.ProjectConfigurationManager - Update completed: 1 sec
2022-05-02 13:22:42,658 [Worker-111: Building Project Problem Statement 4-Shopping Cart] INFO  o.e.m.c.i.embedder.EclipseLogger - Using 'UTF-8' encoding to copy filtered resources.
2022-05-02 13:22:42,659 [Worker-111: Building Project Problem Statement 4-Shopping Cart] INFO  o.e.m.c.i.embedder.EclipseLogger - skip non existing resourceDirectory C:\Users\SVHER5744\Desktop\Atla-Siddishwari-Advance Training Assignments\Problem Statement 4-Shopping Cart\src\main\resources
2022-05-02 13:22:42,661 [Worker-111: Building Project Problem Statement 4-Shopping Cart] INFO  o.e.m.c.i.embedder.EclipseLogger - Using 'UTF-8' encoding to copy filtered resources.
2022-05-02 13:22:42,662 [Worker-111: Building Project Problem Statement 4-Shopping Cart] INFO  o.e.m.c.i.embedder.EclipseLogger - skip non existing resourceDirectory C:\Users\SVHER5744\Desktop\Atla-Siddishwari-Advance Training Assignments\Problem Statement 4-Shopping Cart\src\test\resources
2022-05-02 13:22:42,663 [Worker-111: Building Project Problem Statement 4-Shopping Cart] INFO  o.e.m.w.i.f.ResourceFilteringBuildParticipant - Changed resources require a complete clean of filtered resources of Problem Statement 4-Shopping Cart
2022-05-02 13:22:42,663 [Worker-111: Building Project Problem Statement 4-Shopping Cart] INFO  o.e.m.w.i.f.ResourceFilteringBuildParticipant - Executing resource filtering for Problem Statement 4-Shopping Cart
2022-05-02 13:22:42,667 [Worker-111: Building Project Problem Statement 4-Shopping Cart] INFO  o.e.m.c.i.embedder.EclipseLogger - Using 'UTF-8' encoding to copy filtered resources.
2022-05-02 13:39:01,788 [Worker-108: Building] ERROR o.e.m.c.i.p.r.ProjectRegistryManager - Could not read pom.xml
org.eclipse.core.runtime.CoreException: Could not read pom.xml
	at org.eclipse.m2e.core.internal.embedder.MavenImpl.readModel(MavenImpl.java:579)
	at org.eclipse.m2e.core.internal.project.registry.ProjectRegistryManager.refreshPhase2(ProjectRegistryManager.java:547)
	at org.eclipse.m2e.core.internal.project.registry.ProjectRegistryManager.refresh(ProjectRegistryManager.java:503)
	at org.eclipse.m2e.core.internal.project.registry.ProjectRegistryManager.refresh(ProjectRegistryManager.java:349)
	at org.eclipse.m2e.core.internal.project.registry.ProjectRegistryManager.refresh(ProjectRegistryManager.java:303)
	at org.eclipse.m2e.core.internal.builder.MavenBuilder$BuildMethod.getProjectFacade(MavenBuilder.java:151)
	at org.eclipse.m2e.core.internal.builder.MavenBuilder$BuildMethod.lambda$0(MavenBuilder.java:89)
	at org.eclipse.m2e.core.internal.embedder.MavenExecutionContext.executeBare(MavenExecutionContext.java:182)
	at org.eclipse.m2e.core.internal.embedder.MavenExecutionContext.execute(MavenExecutionContext.java:156)
	at org.eclipse.m2e.core.internal.embedder.MavenExecutionContext.execute(MavenExecutionContext.java:103)
	at org.eclipse.m2e.core.internal.builder.MavenBuilder$BuildMethod.execute(MavenBuilder.java:88)
	at org.eclipse.m2e.core.internal.builder.MavenBuilder.build(MavenBuilder.java:198)
	at org.eclipse.core.internal.events.BuildManager$2.run(BuildManager.java:860)
	at org.eclipse.core.runtime.SafeRunner.run(SafeRunner.java:45)
	at org.eclipse.core.internal.events.BuildManager.basicBuild(BuildManager.java:232)
	at org.eclipse.core.internal.events.BuildManager.basicBuild(BuildManager.java:281)
	at org.eclipse.core.internal.events.BuildManager$1.run(BuildManager.java:334)
	at org.eclipse.core.runtime.SafeRunner.run(SafeRunner.java:45)
	at org.eclipse.core.internal.events.BuildManager.basicBuild(BuildManager.java:337)
	at org.eclipse.core.internal.events.BuildManager.basicBuildLoop(BuildManager.java:392)
	at org.eclipse.core.internal.events.BuildManager.build(BuildManager.java:417)
	at org.eclipse.core.internal.events.AutoBuildJob.doBuild(AutoBuildJob.java:161)
	at org.eclipse.core.internal.events.AutoBuildJob.run(AutoBuildJob.java:255)
	at org.eclipse.core.internal.jobs.Worker.run(Worker.java:63)
Caused by: org.apache.maven.model.io.ModelParseException: Unrecognised tag: 'dependency' (position: START_TAG seen ...<dependency>\r\n <dependency>... @14:14) 
	at org.apache.maven.model.io.DefaultModelReader.read(DefaultModelReader.java:117)
	at org.apache.maven.model.io.DefaultModelReader.read(DefaultModelReader.java:85)
	at org.eclipse.m2e.core.internal.embedder.MavenImpl.readModel(MavenImpl.java:577)
	... 23 common frames omitted
Caused by: org.codehaus.plexus.util.xml.pull.XmlPullParserException: Unrecognised tag: 'dependency' (position: START_TAG seen ...<dependency>\r\n <dependency>... @14:14) 
	at org.apache.maven.model.io.xpp3.MavenXpp3Reader.checkUnknownElement(MavenXpp3Reader.java:178)
	at org.apache.maven.model.io.xpp3.MavenXpp3Reader.parseDependency(MavenXpp3Reader.java:1402)
	at org.apache.maven.model.io.xpp3.MavenXpp3Reader.parseModel(MavenXpp3Reader.java:2239)
	at org.apache.maven.model.io.xpp3.MavenXpp3Reader.read(MavenXpp3Reader.java:3872)
	at org.apache.maven.model.io.xpp3.MavenXpp3Reader.read(MavenXpp3Reader.java:595)
	at org.apache.maven.model.io.DefaultModelReader.read(DefaultModelReader.java:112)
	... 25 common frames omitted
2022-05-02 13:39:03,257 [Worker-126: Building] ERROR o.e.m.c.i.p.r.ProjectRegistryManager - Could not read pom.xml
org.eclipse.core.runtime.CoreException: Could not read pom.xml
	at org.eclipse.m2e.core.internal.embedder.MavenImpl.readModel(MavenImpl.java:579)
	at org.eclipse.m2e.core.internal.project.registry.ProjectRegistryManager.refreshPhase2(ProjectRegistryManager.java:547)
	at org.eclipse.m2e.core.internal.project.registry.ProjectRegistryManager.refresh(ProjectRegistryManager.java:503)
	at org.eclipse.m2e.core.internal.project.registry.ProjectRegistryManager.refresh(ProjectRegistryManager.java:349)
	at org.eclipse.m2e.core.internal.project.registry.ProjectRegistryManager.refresh(ProjectRegistryManager.java:303)
	at org.eclipse.m2e.core.internal.builder.MavenBuilder$BuildMethod.getProjectFacade(MavenBuilder.java:151)
	at org.eclipse.m2e.core.internal.builder.MavenBuilder$BuildMethod.lambda$0(MavenBuilder.java:89)
	at org.eclipse.m2e.core.internal.embedder.MavenExecutionContext.executeBare(MavenExecutionContext.java:182)
	at org.eclipse.m2e.core.internal.embedder.MavenExecutionContext.execute(MavenExecutionContext.java:156)
	at org.eclipse.m2e.core.internal.embedder.MavenExecutionContext.execute(MavenExecutionContext.java:103)
	at org.eclipse.m2e.core.internal.builder.MavenBuilder$BuildMethod.execute(MavenBuilder.java:88)
	at org.eclipse.m2e.core.internal.builder.MavenBuilder.build(MavenBuilder.java:198)
	at org.eclipse.core.internal.events.BuildManager$2.run(BuildManager.java:860)
	at org.eclipse.core.runtime.SafeRunner.run(SafeRunner.java:45)
	at org.eclipse.core.internal.events.BuildManager.basicBuild(BuildManager.java:232)
	at org.eclipse.core.internal.events.BuildManager.basicBuild(BuildManager.java:281)
	at org.eclipse.core.internal.events.BuildManager$1.run(BuildManager.java:334)
	at org.eclipse.core.runtime.SafeRunner.run(SafeRunner.java:45)
	at org.eclipse.core.internal.events.BuildManager.basicBuild(BuildManager.java:337)
	at org.eclipse.core.internal.events.BuildManager.basicBuildLoop(BuildManager.java:392)
	at org.eclipse.core.internal.events.BuildManager.build(BuildManager.java:417)
	at org.eclipse.core.internal.events.AutoBuildJob.doBuild(AutoBuildJob.java:161)
	at org.eclipse.core.internal.events.AutoBuildJob.run(AutoBuildJob.java:255)
	at org.eclipse.core.internal.jobs.Worker.run(Worker.java:63)
Caused by: org.apache.maven.model.io.ModelParseException: Unrecognised tag: 'dependency' (position: START_TAG seen ...<dependency>\r\n <dependency>... @14:14) 
	at org.apache.maven.model.io.DefaultModelReader.read(DefaultModelReader.java:117)
	at org.apache.maven.model.io.DefaultModelReader.read(DefaultModelReader.java:85)
	at org.eclipse.m2e.core.internal.embedder.MavenImpl.readModel(MavenImpl.java:577)
	... 23 common frames omitted
Caused by: org.codehaus.plexus.util.xml.pull.XmlPullParserException: Unrecognised tag: 'dependency' (position: START_TAG seen ...<dependency>\r\n <dependency>... @14:14) 
	at org.apache.maven.model.io.xpp3.MavenXpp3Reader.checkUnknownElement(MavenXpp3Reader.java:178)
	at org.apache.maven.model.io.xpp3.MavenXpp3Reader.parseDependency(MavenXpp3Reader.java:1402)
	at org.apache.maven.model.io.xpp3.MavenXpp3Reader.parseModel(MavenXpp3Reader.java:2239)
	at org.apache.maven.model.io.xpp3.MavenXpp3Reader.read(MavenXpp3Reader.java:3872)
	at org.apache.maven.model.io.xpp3.MavenXpp3Reader.read(MavenXpp3Reader.java:595)
	at org.apache.maven.model.io.DefaultModelReader.read(DefaultModelReader.java:112)
	... 25 common frames omitted
2022-05-02 13:39:54,233 [Worker-125: Building] INFO  o.e.m.c.i.l.LifecycleMappingFactory - Using org.maven.ide.eclipse.wtp.WarLifecycleMapping lifecycle mapping for MavenProject: ProblemStatement4-ShoppinCart:ProblemStatement4-ShoppingCart:0.0.1-SNAPSHOT @ C:\Users\SVHER5744\Desktop\Atla-Siddishwari-Advance Training Assignments\Problem Statement 4-Shopping Cart\pom.xml.
2022-05-02 13:39:57,549 [Worker-125: Building] INFO  o.e.m.c.i.embedder.EclipseLogger - Using 'UTF-8' encoding to copy filtered resources.
2022-05-02 13:39:57,549 [Worker-125: Building] INFO  o.e.m.c.i.embedder.EclipseLogger - skip non existing resourceDirectory C:\Users\SVHER5744\Desktop\Atla-Siddishwari-Advance Training Assignments\Problem Statement 4-Shopping Cart\src\main\resources
2022-05-02 13:39:57,551 [Worker-125: Building] INFO  o.e.m.c.i.embedder.EclipseLogger - Using 'UTF-8' encoding to copy filtered resources.
2022-05-02 13:39:57,552 [Worker-125: Building] INFO  o.e.m.c.i.embedder.EclipseLogger - skip non existing resourceDirectory C:\Users\SVHER5744\Desktop\Atla-Siddishwari-Advance Training Assignments\Problem Statement 4-Shopping Cart\src\test\resources
2022-05-02 13:39:57,552 [Worker-125: Building] INFO  o.e.m.w.i.f.ResourceFilteringBuildParticipant - Changed resources require a complete clean of filtered resources of Problem Statement 4-Shopping Cart
2022-05-02 13:39:57,552 [Worker-125: Building] INFO  o.e.m.w.i.f.ResourceFilteringBuildParticipant - Executing resource filtering for Problem Statement 4-Shopping Cart
2022-05-02 13:39:57,557 [Worker-125: Building] INFO  o.e.m.c.i.embedder.EclipseLogger - Using 'UTF-8' encoding to copy filtered resources.
2022-05-02 13:39:59,325 [Worker-125: Building] INFO  o.e.m.c.i.embedder.EclipseLogger - Using 'UTF-8' encoding to copy filtered resources.
2022-05-02 13:39:59,326 [Worker-125: Building] INFO  o.e.m.c.i.embedder.EclipseLogger - skip non existing resourceDirectory C:\Users\SVHER5744\Desktop\Atla-Siddishwari-Advance Training Assignments\Problem Statement 4-Shopping Cart\src\main\resources
2022-05-02 13:39:59,329 [Worker-125: Building] INFO  o.e.m.c.i.embedder.EclipseLogger - Using 'UTF-8' encoding to copy filtered resources.
2022-05-02 13:39:59,330 [Worker-125: Building] INFO  o.e.m.c.i.embedder.EclipseLogger - skip non existing resourceDirectory C:\Users\SVHER5744\Desktop\Atla-Siddishwari-Advance Training Assignments\Problem Statement 4-Shopping Cart\src\test\resources
2022-05-02 13:40:03,407 [Worker-108: Updating Maven Project] INFO  o.e.m.c.i.p.ProjectConfigurationManager - Update started
2022-05-02 13:40:03,643 [Worker-108: Updating Maven Project] INFO  o.e.m.c.i.l.LifecycleMappingFactory - Using org.maven.ide.eclipse.wtp.WarLifecycleMapping lifecycle mapping for MavenProject: ProblemStatement4-ShoppinCart:ProblemStatement4-ShoppingCart:0.0.1-SNAPSHOT @ C:\Users\SVHER5744\Desktop\Atla-Siddishwari-Advance Training Assignments\Problem Statement 4-Shopping Cart\pom.xml.
2022-05-02 13:40:04,032 [Worker-108: Updating Maven Project] INFO  o.e.m.j.i.AbstractJavaProjectConfigurator - Adding source folder /Problem Statement 4-Shopping Cart/src/main/java
2022-05-02 13:40:04,032 [Worker-108: Updating Maven Project] INFO  o.e.m.j.i.AbstractJavaProjectConfigurator - Adding source folder /Problem Statement 4-Shopping Cart/src/test/java
2022-05-02 13:40:04,256 [Worker-108: Updating Maven Project] INFO  o.e.m.w.i.f.ResourceFilteringBuildParticipant - Cleaning filtered folder for Problem Statement 4-Shopping Cart
2022-05-02 13:40:04,263 [Worker-108: Updating Maven Project] INFO  o.e.m.c.i.p.ProjectConfigurationManager - Update completed: 0 sec
2022-05-02 13:40:04,572 [Worker-126: Building] INFO  o.e.m.c.i.embedder.EclipseLogger - Using 'UTF-8' encoding to copy filtered resources.
2022-05-02 13:40:04,572 [Worker-126: Building] INFO  o.e.m.c.i.embedder.EclipseLogger - skip non existing resourceDirectory C:\Users\SVHER5744\Desktop\Atla-Siddishwari-Advance Training Assignments\Problem Statement 4-Shopping Cart\src\main\resources
2022-05-02 13:40:04,575 [Worker-126: Building] INFO  o.e.m.c.i.embedder.EclipseLogger - Using 'UTF-8' encoding to copy filtered resources.
2022-05-02 13:40:04,575 [Worker-126: Building] INFO  o.e.m.c.i.embedder.EclipseLogger - skip non existing resourceDirectory C:\Users\SVHER5744\Desktop\Atla-Siddishwari-Advance Training Assignments\Problem Statement 4-Shopping Cart\src\test\resources
2022-05-02 13:40:04,575 [Worker-126: Building] INFO  o.e.m.w.i.f.ResourceFilteringBuildParticipant - Changed resources require a complete clean of filtered resources of Problem Statement 4-Shopping Cart
2022-05-02 13:40:04,575 [Worker-126: Building] INFO  o.e.m.w.i.f.ResourceFilteringBuildParticipant - Executing resource filtering for Problem Statement 4-Shopping Cart
2022-05-02 13:40:04,579 [Worker-126: Building] INFO  o.e.m.c.i.embedder.EclipseLogger - Using 'UTF-8' encoding to copy filtered resources.
2022-05-02 13:42:58,951 [Worker-129: Building] INFO  o.e.m.c.i.l.LifecycleMappingFactory - Using org.maven.ide.eclipse.wtp.WarLifecycleMapping lifecycle mapping for MavenProject: ProblemStatement4-ShoppinCart:ProblemStatement4-ShoppingCart:0.0.1-SNAPSHOT @ C:\Users\SVHER5744\Desktop\Atla-Siddishwari-Advance Training Assignments\Problem Statement 4-Shopping Cart\pom.xml.
2022-05-02 13:42:59,431 [Worker-129: Building] INFO  o.e.m.c.i.embedder.EclipseLogger - Using 'UTF-8' encoding to copy filtered resources.
2022-05-02 13:42:59,432 [Worker-129: Building] INFO  o.e.m.c.i.embedder.EclipseLogger - skip non existing resourceDirectory C:\Users\SVHER5744\Desktop\Atla-Siddishwari-Advance Training Assignments\Problem Statement 4-Shopping Cart\src\main\resources
2022-05-02 13:42:59,434 [Worker-129: Building] INFO  o.e.m.c.i.embedder.EclipseLogger - Using 'UTF-8' encoding to copy filtered resources.
2022-05-02 13:42:59,434 [Worker-129: Building] INFO  o.e.m.c.i.embedder.EclipseLogger - skip non existing resourceDirectory C:\Users\SVHER5744\Desktop\Atla-Siddishwari-Advance Training Assignments\Problem Statement 4-Shopping Cart\src\test\resources
2022-05-02 13:42:59,434 [Worker-129: Building] INFO  o.e.m.w.i.f.ResourceFilteringBuildParticipant - Changed resources require a complete clean of filtered resources of Problem Statement 4-Shopping Cart
2022-05-02 13:42:59,434 [Worker-129: Building] INFO  o.e.m.w.i.f.ResourceFilteringBuildParticipant - Executing resource filtering for Problem Statement 4-Shopping Cart
2022-05-02 13:42:59,437 [Worker-129: Building] INFO  o.e.m.c.i.embedder.EclipseLogger - Using 'UTF-8' encoding to copy filtered resources.
2022-05-02 13:43:00,842 [Worker-122: Building] INFO  o.e.m.c.i.embedder.EclipseLogger - Using 'UTF-8' encoding to copy filtered resources.
2022-05-02 13:43:00,843 [Worker-122: Building] INFO  o.e.m.c.i.embedder.EclipseLogger - skip non existing resourceDirectory C:\Users\SVHER5744\Desktop\Atla-Siddishwari-Advance Training Assignments\Problem Statement 4-Shopping Cart\src\main\resources
2022-05-02 13:43:00,845 [Worker-122: Building] INFO  o.e.m.c.i.embedder.EclipseLogger - Using 'UTF-8' encoding to copy filtered resources.
2022-05-02 13:43:00,845 [Worker-122: Building] INFO  o.e.m.c.i.embedder.EclipseLogger - skip non existing resourceDirectory C:\Users\SVHER5744\Desktop\Atla-Siddishwari-Advance Training Assignments\Problem Statement 4-Shopping Cart\src\test\resources
2022-05-02 13:44:12,149 [Worker-127: Building] INFO  o.e.m.c.i.l.LifecycleMappingFactory - Using org.maven.ide.eclipse.wtp.WarLifecycleMapping lifecycle mapping for MavenProject: ProblemStatement4-ShoppinCart:ProblemStatement4-ShoppingCart:0.0.1-SNAPSHOT @ C:\Users\SVHER5744\Desktop\Atla-Siddishwari-Advance Training Assignments\Problem Statement 4-Shopping Cart\pom.xml.
2022-05-02 13:44:12,661 [Worker-127: Building] INFO  o.e.m.c.i.embedder.EclipseLogger - Using 'UTF-8' encoding to copy filtered resources.
2022-05-02 13:44:12,662 [Worker-127: Building] INFO  o.e.m.c.i.embedder.EclipseLogger - skip non existing resourceDirectory C:\Users\SVHER5744\Desktop\Atla-Siddishwari-Advance Training Assignments\Problem Statement 4-Shopping Cart\src\main\resources
2022-05-02 13:44:12,664 [Worker-127: Building] INFO  o.e.m.c.i.embedder.EclipseLogger - Using 'UTF-8' encoding to copy filtered resources.
2022-05-02 13:44:12,664 [Worker-127: Building] INFO  o.e.m.c.i.embedder.EclipseLogger - skip non existing resourceDirectory C:\Users\SVHER5744\Desktop\Atla-Siddishwari-Advance Training Assignments\Problem Statement 4-Shopping Cart\src\test\resources
2022-05-02 13:44:12,665 [Worker-127: Building] INFO  o.e.m.w.i.f.ResourceFilteringBuildParticipant - Changed resources require a complete clean of filtered resources of Problem Statement 4-Shopping Cart
2022-05-02 13:44:12,665 [Worker-127: Building] INFO  o.e.m.w.i.f.ResourceFilteringBuildParticipant - Executing resource filtering for Problem Statement 4-Shopping Cart
2022-05-02 13:44:12,669 [Worker-127: Building] INFO  o.e.m.c.i.embedder.EclipseLogger - Using 'UTF-8' encoding to copy filtered resources.
2022-05-02 13:44:14,047 [Worker-125: Building] INFO  o.e.m.c.i.embedder.EclipseLogger - Using 'UTF-8' encoding to copy filtered resources.
2022-05-02 13:44:14,048 [Worker-125: Building] INFO  o.e.m.c.i.embedder.EclipseLogger - skip non existing resourceDirectory C:\Users\SVHER5744\Desktop\Atla-Siddishwari-Advance Training Assignments\Problem Statement 4-Shopping Cart\src\main\resources
2022-05-02 13:44:14,050 [Worker-125: Building] INFO  o.e.m.c.i.embedder.EclipseLogger - Using 'UTF-8' encoding to copy filtered resources.
2022-05-02 13:44:14,051 [Worker-125: Building] INFO  o.e.m.c.i.embedder.EclipseLogger - skip non existing resourceDirectory C:\Users\SVHER5744\Desktop\Atla-Siddishwari-Advance Training Assignments\Problem Statement 4-Shopping Cart\src\test\resources
2022-05-02 13:44:36,194 [Worker-125: Updating Maven Project] INFO  o.e.m.c.i.p.ProjectConfigurationManager - Update started
2022-05-02 13:44:36,473 [Worker-125: Updating Maven Project] INFO  o.e.m.c.i.l.LifecycleMappingFactory - Using org.maven.ide.eclipse.wtp.WarLifecycleMapping lifecycle mapping for MavenProject: ProblemStatement4-ShoppinCart:ProblemStatement4-ShoppingCart:0.0.1-SNAPSHOT @ C:\Users\SVHER5744\Desktop\Atla-Siddishwari-Advance Training Assignments\Problem Statement 4-Shopping Cart\pom.xml.
2022-05-02 13:44:37,081 [Worker-125: Updating Maven Project] INFO  o.e.m.j.i.AbstractJavaProjectConfigurator - Adding source folder /Problem Statement 4-Shopping Cart/src/main/java
2022-05-02 13:44:37,082 [Worker-125: Updating Maven Project] INFO  o.e.m.j.i.AbstractJavaProjectConfigurator - Adding source folder /Problem Statement 4-Shopping Cart/src/test/java
2022-05-02 13:44:37,243 [Worker-125: Updating Maven Project] INFO  o.e.m.w.i.f.ResourceFilteringBuildParticipant - Cleaning filtered folder for Problem Statement 4-Shopping Cart
2022-05-02 13:44:37,249 [Worker-125: Updating Maven Project] INFO  o.e.m.c.i.p.ProjectConfigurationManager - Update completed: 1 sec
2022-05-02 13:44:37,631 [Worker-129: Building] INFO  o.e.m.c.i.embedder.EclipseLogger - Using 'UTF-8' encoding to copy filtered resources.
2022-05-02 13:44:37,632 [Worker-129: Building] INFO  o.e.m.c.i.embedder.EclipseLogger - skip non existing resourceDirectory C:\Users\SVHER5744\Desktop\Atla-Siddishwari-Advance Training Assignments\Problem Statement 4-Shopping Cart\src\main\resources
2022-05-02 13:44:37,633 [Worker-129: Building] INFO  o.e.m.c.i.embedder.EclipseLogger - Using 'UTF-8' encoding to copy filtered resources.
2022-05-02 13:44:37,634 [Worker-129: Building] INFO  o.e.m.c.i.embedder.EclipseLogger - skip non existing resourceDirectory C:\Users\SVHER5744\Desktop\Atla-Siddishwari-Advance Training Assignments\Problem Statement 4-Shopping Cart\src\test\resources
2022-05-02 13:44:37,634 [Worker-129: Building] INFO  o.e.m.w.i.f.ResourceFilteringBuildParticipant - Changed resources require a complete clean of filtered resources of Problem Statement 4-Shopping Cart
2022-05-02 13:44:37,635 [Worker-129: Building] INFO  o.e.m.w.i.f.ResourceFilteringBuildParticipant - Executing resource filtering for Problem Statement 4-Shopping Cart
2022-05-02 13:44:37,638 [Worker-129: Building] INFO  o.e.m.c.i.embedder.EclipseLogger - Using 'UTF-8' encoding to copy filtered resources.
2022-05-02 13:45:51,746 [Worker-125: Building] INFO  o.e.m.c.i.l.LifecycleMappingFactory - Using org.maven.ide.eclipse.wtp.WarLifecycleMapping lifecycle mapping for MavenProject: ProblemStatement4-ShoppinCart:ProblemStatement4-ShoppingCart:0.0.1-SNAPSHOT @ C:\Users\SVHER5744\Desktop\Atla-Siddishwari-Advance Training Assignments\Problem Statement 4-Shopping Cart\pom.xml.
2022-05-02 13:45:52,403 [Worker-125: Building] INFO  o.e.m.c.i.embedder.EclipseLogger - Using 'UTF-8' encoding to copy filtered resources.
2022-05-02 13:45:52,404 [Worker-125: Building] INFO  o.e.m.c.i.embedder.EclipseLogger - skip non existing resourceDirectory C:\Users\SVHER5744\Desktop\Atla-Siddishwari-Advance Training Assignments\Problem Statement 4-Shopping Cart\src\main\resources
2022-05-02 13:45:52,406 [Worker-125: Building] INFO  o.e.m.c.i.embedder.EclipseLogger - Using 'UTF-8' encoding to copy filtered resources.
2022-05-02 13:45:52,406 [Worker-125: Building] INFO  o.e.m.c.i.embedder.EclipseLogger - skip non existing resourceDirectory C:\Users\SVHER5744\Desktop\Atla-Siddishwari-Advance Training Assignments\Problem Statement 4-Shopping Cart\src\test\resources
2022-05-02 13:45:52,407 [Worker-125: Building] INFO  o.e.m.w.i.f.ResourceFilteringBuildParticipant - Changed resources require a complete clean of filtered resources of Problem Statement 4-Shopping Cart
2022-05-02 13:45:52,407 [Worker-125: Building] INFO  o.e.m.w.i.f.ResourceFilteringBuildParticipant - Executing resource filtering for Problem Statement 4-Shopping Cart
2022-05-02 13:45:52,412 [Worker-125: Building] INFO  o.e.m.c.i.embedder.EclipseLogger - Using 'UTF-8' encoding to copy filtered resources.
